📊 Circuit Breaker 실시간 메트릭 수집 시작
🔗 Target: T1 localhost:8080/api/circuit-breaker/status
📈 실시간 메트릭 수집 시작 (5초 간격)
[2025-08-20 21:01:01] State: CLOSED | Failures: 0 | Requests: 109 | Success: 100.00% | Avg: 4.50ms
[2025-08-20 21:01:06] State: CLOSED | Failures: 0 | Requests: 109 | Success: 100.00% | Avg: 4.50ms
[2025-08-20 21:01:11] State: CLOSED | Failures: 0 | Requests: 110 | Success: 100.00% | Avg: 4.55ms
[2025-08-20 21:01:16] State: CLOSED | Failures: 0 | Requests: 110 | Success: 100.00% | Avg: 4.55ms
[2025-08-20 21:01:21] State: CLOSED | Failures: 0 | Requests: 110 | Success: 100.00% | Avg: 4.55ms
[2025-08-20 21:01:26] State: CLOSED | Failures: 0 | Requests: 111 | Success: 100.00% | Avg: 4.56ms
[2025-08-20 21:01:31] State: CLOSED | Failures: 0 | Requests: 111 | Success: 100.00% | Avg: 4.56ms
[2025-08-20 21:01:36] State: CLOSED | Failures: 0 | Requests: 111 | Success: 100.00% | Avg: 4.56ms
[2025-08-20 21:01:41] State: CLOSED | Failures: 0 | Requests: 112 | Success: 100.00% | Avg: 4.54ms
[2025-08-20 21:01:46] State: CLOSED | Failures: 0 | Requests: 112 | Success: 100.00% | Avg: 4.54ms
[2025-08-20 21:01:51] State: CLOSED | Failures: 0 | Requests: 112 | Success: 100.00% | Avg: 4.54ms
[2025-08-20 21:01:56] State: CLOSED | Failures: 0 | Requests: 113 | Success: 100.00% | Avg: 4.55ms
[2025-08-20 21:02:01] State: CLOSED | Failures: 0 | Requests: 113 | Success: 100.00% | Avg: 4.55ms
[2025-08-20 21:02:06] State: CLOSED | Failures: 0 | Requests: 113 | Success: 100.00% | Avg: 4.55ms
[2025-08-20 21:02:11] State: CLOSED | Failures: 0 | Requests: 114 | Success: 100.00% | Avg: 4.53ms
[2025-08-20 21:02:16] State: CLOSED | Failures: 0 | Requests: 114 | Success: 100.00% | Avg: 4.53ms
[2025-08-20 21:02:21] State: CLOSED | Failures: 0 | Requests: 114 | Success: 100.00% | Avg: 4.53ms
[2025-08-20 21:02:26] State: CLOSED | Failures: 0 | Requests: 115 | Success: 100.00% | Avg: 4.53ms
[2025-08-20 21:02:31] State: CLOSED | Failures: 0 | Requests: 115 | Success: 100.00% | Avg: 4.53ms
[2025-08-20 21:02:36] State: CLOSED | Failures: 0 | Requests: 115 | Success: 100.00% | Avg: 4.53ms
[2025-08-20 21:02:41] State: CLOSED | Failures: 0 | Requests: 116 | Success: 100.00% | Avg: 4.55ms
[2025-08-20 21:02:46] State: CLOSED | Failures: 0 | Requests: 116 | Success: 100.00% | Avg: 4.55ms
[2025-08-20 21:02:51] State: CLOSED | Failures: 0 | Requests: 116 | Success: 100.00% | Avg: 4.55ms
[2025-08-20 21:02:56] State: CLOSED | Failures: 0 | Requests: 117 | Success: 100.00% | Avg: 4.55ms
[2025-08-20 21:03:01] State: CLOSED | Failures: 0 | Requests: 117 | Success: 100.00% | Avg: 4.55ms
[2025-08-20 21:03:07] State: CLOSED | Failures: 0 | Requests: 117 | Success: 100.00% | Avg: 4.55ms
[2025-08-20 21:03:12] State: CLOSED | Failures: 0 | Requests: 118 | Success: 100.00% | Avg: 4.53ms
[2025-08-20 21:03:17] State: CLOSED | Failures: 0 | Requests: 118 | Success: 100.00% | Avg: 4.53ms
[2025-08-20 21:03:22] State: CLOSED | Failures: 0 | Requests: 118 | Success: 100.00% | Avg: 4.53ms
[2025-08-20 21:03:27] State: CLOSED | Failures: 0 | Requests: 119 | Success: 100.00% | Avg: 4.54ms
[2025-08-20 21:03:32] State: CLOSED | Failures: 0 | Requests: 119 | Success: 100.00% | Avg: 4.54ms
[2025-08-20 21:03:37] State: CLOSED | Failures: 0 | Requests: 119 | Success: 100.00% | Avg: 4.54ms
[2025-08-20 21:03:42] State: CLOSED | Failures: 0 | Requests: 120 | Success: 100.00% | Avg: 4.54ms
[2025-08-20 21:03:47] State: CLOSED | Failures: 0 | Requests: 120 | Success: 100.00% | Avg: 4.54ms
[2025-08-20 21:03:52] State: CLOSED | Failures: 0 | Requests: 120 | Success: 100.00% | Avg: 4.54ms
[2025-08-20 21:03:57] State: CLOSED | Failures: 0 | Requests: 121 | Success: 100.00% | Avg: 4.55ms
[2025-08-20 21:04:02] State: CLOSED | Failures: 0 | Requests: 121 | Success: 100.00% | Avg: 4.55ms
[2025-08-20 21:04:07] State: CLOSED | Failures: 0 | Requests: 121 | Success: 100.00% | Avg: 4.55ms
[2025-08-20 21:04:12] State: CLOSED | Failures: 0 | Requests: 122 | Success: 100.00% | Avg: 4.54ms
[2025-08-20 21:04:17] State: CLOSED | Failures: 0 | Requests: 122 | Success: 100.00% | Avg: 4.54ms
[2025-08-20 21:04:22] State: CLOSED | Failures: 0 | Requests: 122 | Success: 100.00% | Avg: 4.54ms
[2025-08-20 21:04:27] State: CLOSED | Failures: 0 | Requests: 123 | Success: 100.00% | Avg: 4.53ms
[2025-08-20 21:04:32] State: CLOSED | Failures: 0 | Requests: 123 | Success: 100.00% | Avg: 4.53ms
[2025-08-20 21:04:37] State: CLOSED | Failures: 0 | Requests: 123 | Success: 100.00% | Avg: 4.53ms
[2025-08-20 21:04:42] State: CLOSED | Failures: 0 | Requests: 124 | Success: 100.00% | Avg: 4.53ms
[2025-08-20 21:04:47] State: CLOSED | Failures: 0 | Requests: 124 | Success: 100.00% | Avg: 4.53ms
[2025-08-20 21:04:52] State: CLOSED | Failures: 0 | Requests: 124 | Success: 100.00% | Avg: 4.53ms
[2025-08-20 21:04:57] State: CLOSED | Failures: 0 | Requests: 125 | Success: 100.00% | Avg: 4.52ms
[2025-08-20 21:05:02] State: CLOSED | Failures: 0 | Requests: 125 | Success: 100.00% | Avg: 4.52ms
[2025-08-20 21:05:07] State: CLOSED | Failures: 0 | Requests: 125 | Success: 100.00% | Avg: 4.52ms
[2025-08-20 21:05:13] State: CLOSED | Failures: 0 | Requests: 126 | Success: 100.00% | Avg: 4.53ms
[2025-08-20 21:05:18] State: CLOSED | Failures: 0 | Requests: 126 | Success: 100.00% | Avg: 4.53ms
[2025-08-20 21:05:23] State: CLOSED | Failures: 0 | Requests: 126 | Success: 100.00% | Avg: 4.53ms
[2025-08-20 21:05:28] State: CLOSED | Failures: 0 | Requests: 127 | Success: 100.00% | Avg: 4.50ms
[2025-08-20 21:05:33] State: CLOSED | Failures: 0 | Requests: 127 | Success: 100.00% | Avg: 4.50ms
[2025-08-20 21:05:38] State: CLOSED | Failures: 0 | Requests: 127 | Success: 100.00% | Avg: 4.50ms
[2025-08-20 21:05:43] State: CLOSED | Failures: 0 | Requests: 128 | Success: 100.00% | Avg: 4.49ms
[2025-08-20 21:05:48] State: CLOSED | Failures: 0 | Requests: 128 | Success: 100.00% | Avg: 4.49ms
[2025-08-20 21:05:53] State: CLOSED | Failures: 0 | Requests: 128 | Success: 100.00% | Avg: 4.49ms
[2025-08-20 21:05:58] State: CLOSED | Failures: 0 | Requests: 129 | Success: 100.00% | Avg: 4.47ms
[2025-08-20 21:06:03] State: CLOSED | Failures: 0 | Requests: 129 | Success: 100.00% | Avg: 4.47ms
[2025-08-20 21:06:08] State: CLOSED | Failures: 0 | Requests: 129 | Success: 100.00% | Avg: 4.47ms
[2025-08-20 21:06:13] State: CLOSED | Failures: 0 | Requests: 130 | Success: 100.00% | Avg: 4.45ms
[2025-08-20 21:06:18] State: CLOSED | Failures: 0 | Requests: 130 | Success: 100.00% | Avg: 4.45ms
[2025-08-20 21:06:23] State: CLOSED | Failures: 0 | Requests: 130 | Success: 100.00% | Avg: 4.45ms
[2025-08-20 21:06:28] State: CLOSED | Failures: 0 | Requests: 131 | Success: 100.00% | Avg: 4.44ms
[2025-08-20 21:06:33] State: CLOSED | Failures: 0 | Requests: 131 | Success: 100.00% | Avg: 4.44ms
[2025-08-20 21:06:38] State: CLOSED | Failures: 0 | Requests: 131 | Success: 100.00% | Avg: 4.44ms
[2025-08-20 21:06:43] State: CLOSED | Failures: 0 | Requests: 132 | Success: 100.00% | Avg: 4.43ms
[2025-08-20 21:06:48] State: CLOSED | Failures: 0 | Requests: 132 | Success: 100.00% | Avg: 4.43ms
[2025-08-20 21:06:53] State: CLOSED | Failures: 0 | Requests: 132 | Success: 100.00% | Avg: 4.43ms
[2025-08-20 21:06:58] State: CLOSED | Failures: 0 | Requests: 133 | Success: 100.00% | Avg: 4.41ms
[2025-08-20 21:07:03] State: CLOSED | Failures: 0 | Requests: 133 | Success: 100.00% | Avg: 4.41ms
[2025-08-20 21:07:08] State: CLOSED | Failures: 0 | Requests: 133 | Success: 100.00% | Avg: 4.41ms
[2025-08-20 21:07:13] State: CLOSED | Failures: 0 | Requests: 134 | Success: 100.00% | Avg: 4.40ms
[2025-08-20 21:07:18] State: CLOSED | Failures: 0 | Requests: 134 | Success: 100.00% | Avg: 4.40ms
[2025-08-20 21:07:23] State: CLOSED | Failures: 0 | Requests: 134 | Success: 100.00% | Avg: 4.40ms
[2025-08-20 21:07:28] State: CLOSED | Failures: 0 | Requests: 135 | Success: 100.00% | Avg: 4.39ms
[2025-08-20 21:07:33] State: CLOSED | Failures: 0 | Requests: 135 | Success: 100.00% | Avg: 4.39ms
[2025-08-20 21:07:38] State: CLOSED | Failures: 0 | Requests: 135 | Success: 100.00% | Avg: 4.39ms
[2025-08-20 21:07:44] State: CLOSED | Failures: 0 | Requests: 136 | Success: 100.00% | Avg: 4.37ms
[2025-08-20 21:07:49] State: CLOSED | Failures: 0 | Requests: 136 | Success: 100.00% | Avg: 4.37ms
[2025-08-20 21:07:54] State: CLOSED | Failures: 0 | Requests: 136 | Success: 100.00% | Avg: 4.37ms
[2025-08-20 21:07:59] State: CLOSED | Failures: 0 | Requests: 137 | Success: 100.00% | Avg: 4.36ms
[2025-08-20 21:08:04] State: CLOSED | Failures: 0 | Requests: 137 | Success: 100.00% | Avg: 4.36ms
[2025-08-20 21:08:09] State: CLOSED | Failures: 0 | Requests: 137 | Success: 100.00% | Avg: 4.36ms
[2025-08-20 21:08:14] State: CLOSED | Failures: 0 | Requests: 138 | Success: 100.00% | Avg: 4.35ms
[2025-08-20 21:08:19] State: CLOSED | Failures: 0 | Requests: 138 | Success: 100.00% | Avg: 4.35ms
[2025-08-20 21:08:24] State: CLOSED | Failures: 0 | Requests: 138 | Success: 100.00% | Avg: 4.35ms
[2025-08-20 21:08:29] State: CLOSED | Failures: 0 | Requests: 139 | Success: 100.00% | Avg: 4.33ms
[2025-08-20 21:08:34] State: CLOSED | Failures: 0 | Requests: 139 | Success: 100.00% | Avg: 4.33ms
[2025-08-20 21:08:39] State: CLOSED | Failures: 0 | Requests: 139 | Success: 100.00% | Avg: 4.33ms
[2025-08-20 21:08:44] State: CLOSED | Failures: 0 | Requests: 140 | Success: 100.00% | Avg: 4.32ms
[2025-08-20 21:08:49] State: CLOSED | Failures: 0 | Requests: 140 | Success: 100.00% | Avg: 4.32ms
[2025-08-20 21:08:54] State: CLOSED | Failures: 0 | Requests: 140 | Success: 100.00% | Avg: 4.32ms
[2025-08-20 21:08:59] State: CLOSED | Failures: 0 | Requests: 141 | Success: 100.00% | Avg: 4.30ms
[2025-08-20 21:09:04] State: CLOSED | Failures: 0 | Requests: 141 | Success: 100.00% | Avg: 4.30ms
[2025-08-20 21:09:09] State: CLOSED | Failures: 0 | Requests: 142 | Success: 100.00% | Avg: 4.28ms
[2025-08-20 21:09:14] State: CLOSED | Failures: 0 | Requests: 142 | Success: 100.00% | Avg: 4.28ms
[2025-08-20 21:09:19] State: CLOSED | Failures: 0 | Requests: 142 | Success: 100.00% | Avg: 4.28ms
[2025-08-20 21:09:24] State: CLOSED | Failures: 0 | Requests: 143 | Success: 100.00% | Avg: 4.26ms
[2025-08-20 21:09:29] State: CLOSED | Failures: 0 | Requests: 143 | Success: 100.00% | Avg: 4.26ms
[2025-08-20 21:09:34] State: CLOSED | Failures: 0 | Requests: 143 | Success: 100.00% | Avg: 4.26ms
[2025-08-20 21:09:39] State: CLOSED | Failures: 0 | Requests: 144 | Success: 100.00% | Avg: 4.24ms
[2025-08-20 21:09:44] State: CLOSED | Failures: 0 | Requests: 144 | Success: 100.00% | Avg: 4.24ms
[2025-08-20 21:09:49] State: CLOSED | Failures: 0 | Requests: 144 | Success: 100.00% | Avg: 4.24ms
[2025-08-20 21:09:54] State: CLOSED | Failures: 0 | Requests: 145 | Success: 100.00% | Avg: 4.22ms
[2025-08-20 21:10:00] State: CLOSED | Failures: 0 | Requests: 145 | Success: 100.00% | Avg: 4.22ms
[2025-08-20 21:10:05] State: CLOSED | Failures: 0 | Requests: 145 | Success: 100.00% | Avg: 4.22ms
[2025-08-20 21:10:10] State: CLOSED | Failures: 0 | Requests: 146 | Success: 100.00% | Avg: 4.24ms
[2025-08-20 21:10:15] State: CLOSED | Failures: 0 | Requests: 146 | Success: 100.00% | Avg: 4.24ms
[2025-08-20 21:10:20] State: CLOSED | Failures: 0 | Requests: 146 | Success: 100.00% | Avg: 4.24ms
[2025-08-20 21:10:25] State: CLOSED | Failures: 0 | Requests: 147 | Success: 100.00% | Avg: 4.22ms
[2025-08-20 21:10:30] State: CLOSED | Failures: 0 | Requests: 147 | Success: 100.00% | Avg: 4.22ms
[2025-08-20 21:10:35] State: CLOSED | Failures: 0 | Requests: 147 | Success: 100.00% | Avg: 4.22ms
[2025-08-20 21:10:40] State: CLOSED | Failures: 0 | Requests: 148 | Success: 100.00% | Avg: 4.20ms
[2025-08-20 21:10:45] State: CLOSED | Failures: 0 | Requests: 148 | Success: 100.00% | Avg: 4.20ms
[2025-08-20 21:10:50] State: CLOSED | Failures: 0 | Requests: 148 | Success: 100.00% | Avg: 4.20ms
[2025-08-20 21:10:55] State: CLOSED | Failures: 0 | Requests: 149 | Success: 100.00% | Avg: 4.18ms
[2025-08-20 21:11:00] State: CLOSED | Failures: 0 | Requests: 149 | Success: 100.00% | Avg: 4.18ms
[2025-08-20 21:11:05] State: CLOSED | Failures: 0 | Requests: 149 | Success: 100.00% | Avg: 4.18ms
[2025-08-20 21:11:10] State: CLOSED | Failures: 0 | Requests: 150 | Success: 100.00% | Avg: 4.17ms
[2025-08-20 21:11:15] State: CLOSED | Failures: 0 | Requests: 150 | Success: 100.00% | Avg: 4.17ms
[2025-08-20 21:11:20] State: CLOSED | Failures: 0 | Requests: 150 | Success: 100.00% | Avg: 4.17ms
[2025-08-20 21:11:25] State: CLOSED | Failures: 0 | Requests: 151 | Success: 100.00% | Avg: 4.15ms
[2025-08-20 21:11:30] State: CLOSED | Failures: 0 | Requests: 151 | Success: 100.00% | Avg: 4.15ms
[2025-08-20 21:11:35] State: CLOSED | Failures: 0 | Requests: 151 | Success: 100.00% | Avg: 4.15ms
[2025-08-20 21:11:40] State: CLOSED | Failures: 0 | Requests: 152 | Success: 100.00% | Avg: 4.13ms
[2025-08-20 21:11:45] State: CLOSED | Failures: 0 | Requests: 152 | Success: 100.00% | Avg: 4.13ms
[2025-08-20 21:11:50] State: CLOSED | Failures: 0 | Requests: 152 | Success: 100.00% | Avg: 4.13ms
[2025-08-20 21:11:55] State: CLOSED | Failures: 0 | Requests: 153 | Success: 100.00% | Avg: 4.11ms
[2025-08-20 21:12:00] State: CLOSED | Failures: 0 | Requests: 153 | Success: 100.00% | Avg: 4.11ms
[2025-08-20 21:12:05] State: CLOSED | Failures: 0 | Requests: 153 | Success: 100.00% | Avg: 4.11ms
[2025-08-20 21:12:10] State: CLOSED | Failures: 0 | Requests: 154 | Success: 100.00% | Avg: 4.10ms
[2025-08-20 21:12:15] State: CLOSED | Failures: 0 | Requests: 154 | Success: 100.00% | Avg: 4.10ms
[2025-08-20 21:12:20] State: CLOSED | Failures: 0 | Requests: 154 | Success: 100.00% | Avg: 4.10ms
[2025-08-20 21:12:25] State: CLOSED | Failures: 0 | Requests: 155 | Success: 100.00% | Avg: 4.08ms
[2025-08-20 21:12:30] State: CLOSED | Failures: 0 | Requests: 155 | Success: 100.00% | Avg: 4.08ms
[2025-08-20 21:12:35] State: CLOSED | Failures: 0 | Requests: 155 | Success: 100.00% | Avg: 4.08ms
[2025-08-20 21:12:40] State: CLOSED | Failures: 0 | Requests: 156 | Success: 100.00% | Avg: 4.07ms
[2025-08-20 21:12:45] State: CLOSED | Failures: 0 | Requests: 156 | Success: 100.00% | Avg: 4.07ms
[2025-08-20 21:12:50] State: CLOSED | Failures: 0 | Requests: 156 | Success: 100.00% | Avg: 4.07ms
[2025-08-20 21:12:55] State: CLOSED | Failures: 0 | Requests: 157 | Success: 100.00% | Avg: 4.05ms
[2025-08-20 21:13:00] State: CLOSED | Failures: 0 | Requests: 157 | Success: 100.00% | Avg: 4.05ms
[2025-08-20 21:13:05] State: CLOSED | Failures: 0 | Requests: 157 | Success: 100.00% | Avg: 4.05ms
[2025-08-20 21:13:11] State: CLOSED | Failures: 0 | Requests: 158 | Success: 100.00% | Avg: 4.04ms
[2025-08-20 21:13:16] State: CLOSED | Failures: 0 | Requests: 158 | Success: 100.00% | Avg: 4.04ms
[2025-08-20 21:13:21] State: CLOSED | Failures: 0 | Requests: 158 | Success: 100.00% | Avg: 4.04ms
[2025-08-20 21:13:26] State: CLOSED | Failures: 0 | Requests: 159 | Success: 100.00% | Avg: 4.04ms
[2025-08-20 21:13:31] State: CLOSED | Failures: 0 | Requests: 159 | Success: 100.00% | Avg: 4.04ms
[2025-08-20 21:13:36] State: CLOSED | Failures: 0 | Requests: 159 | Success: 100.00% | Avg: 4.04ms
[2025-08-20 21:13:41] State: CLOSED | Failures: 0 | Requests: 160 | Success: 100.00% | Avg: 4.03ms
[2025-08-20 21:13:46] State: CLOSED | Failures: 0 | Requests: 160 | Success: 100.00% | Avg: 4.03ms
[2025-08-20 21:13:51] State: CLOSED | Failures: 0 | Requests: 160 | Success: 100.00% | Avg: 4.03ms
[2025-08-20 21:13:56] State: CLOSED | Failures: 0 | Requests: 161 | Success: 100.00% | Avg: 4.04ms
[2025-08-20 21:14:01] State: CLOSED | Failures: 0 | Requests: 161 | Success: 100.00% | Avg: 4.04ms
[2025-08-20 21:14:06] State: CLOSED | Failures: 0 | Requests: 161 | Success: 100.00% | Avg: 4.04ms
[2025-08-20 21:14:11] State: CLOSED | Failures: 0 | Requests: 162 | Success: 100.00% | Avg: 4.04ms
[2025-08-20 21:14:16] State: CLOSED | Failures: 0 | Requests: 162 | Success: 100.00% | Avg: 4.04ms
[2025-08-20 21:14:21] State: CLOSED | Failures: 0 | Requests: 162 | Success: 100.00% | Avg: 4.04ms
[2025-08-20 21:14:26] State: CLOSED | Failures: 0 | Requests: 163 | Success: 100.00% | Avg: 4.04ms
[2025-08-20 21:14:31] State: CLOSED | Failures: 0 | Requests: 163 | Success: 100.00% | Avg: 4.04ms
[2025-08-20 21:14:36] State: CLOSED | Failures: 0 | Requests: 163 | Success: 100.00% | Avg: 4.04ms
[2025-08-20 21:14:41] State: CLOSED | Failures: 0 | Requests: 164 | Success: 100.00% | Avg: 4.04ms
[2025-08-20 21:14:46] State: CLOSED | Failures: 0 | Requests: 164 | Success: 100.00% | Avg: 4.04ms
[2025-08-20 21:14:51] State: CLOSED | Failures: 0 | Requests: 164 | Success: 100.00% | Avg: 4.04ms
[2025-08-20 21:14:56] State: CLOSED | Failures: 0 | Requests: 165 | Success: 100.00% | Avg: 4.03ms
[2025-08-20 21:15:01] State: CLOSED | Failures: 0 | Requests: 165 | Success: 100.00% | Avg: 4.03ms
[2025-08-20 21:15:06] State: CLOSED | Failures: 0 | Requests: 165 | Success: 100.00% | Avg: 4.03ms
[2025-08-20 21:15:11] State: CLOSED | Failures: 0 | Requests: 166 | Success: 100.00% | Avg: 4.02ms
[2025-08-20 21:15:16] State: CLOSED | Failures: 0 | Requests: 166 | Success: 100.00% | Avg: 4.02ms
[2025-08-20 21:15:21] State: CLOSED | Failures: 0 | Requests: 166 | Success: 100.00% | Avg: 4.02ms
[2025-08-20 21:15:27] State: CLOSED | Failures: 0 | Requests: 167 | Success: 100.00% | Avg: 4.01ms
[2025-08-20 21:15:32] State: CLOSED | Failures: 0 | Requests: 167 | Success: 100.00% | Avg: 4.01ms
[2025-08-20 21:15:37] State: CLOSED | Failures: 0 | Requests: 167 | Success: 100.00% | Avg: 4.01ms
[2025-08-20 21:15:42] State: CLOSED | Failures: 0 | Requests: 168 | Success: 100.00% | Avg: 3.99ms
[2025-08-20 21:15:47] State: CLOSED | Failures: 0 | Requests: 168 | Success: 100.00% | Avg: 3.99ms
[2025-08-20 21:15:52] State: CLOSED | Failures: 0 | Requests: 168 | Success: 100.00% | Avg: 3.99ms
[2025-08-20 21:15:57] State: CLOSED | Failures: 0 | Requests: 169 | Success: 100.00% | Avg: 3.98ms
[2025-08-20 21:16:02] State: CLOSED | Failures: 0 | Requests: 169 | Success: 100.00% | Avg: 3.98ms
[2025-08-20 21:16:07] State: CLOSED | Failures: 0 | Requests: 169 | Success: 100.00% | Avg: 3.98ms
[2025-08-20 21:16:12] State: CLOSED | Failures: 0 | Requests: 170 | Success: 100.00% | Avg: 3.98ms
[2025-08-20 21:16:17] State: CLOSED | Failures: 0 | Requests: 170 | Success: 100.00% | Avg: 3.98ms
[2025-08-20 21:16:22] State: CLOSED | Failures: 0 | Requests: 170 | Success: 100.00% | Avg: 3.98ms
[2025-08-20 21:16:27] State: CLOSED | Failures: 0 | Requests: 171 | Success: 100.00% | Avg: 3.98ms
[2025-08-20 21:16:32] State: CLOSED | Failures: 0 | Requests: 171 | Success: 100.00% | Avg: 3.98ms
[2025-08-20 21:16:37] State: CLOSED | Failures: 0 | Requests: 171 | Success: 100.00% | Avg: 3.98ms
[2025-08-20 21:16:42] State: CLOSED | Failures: 0 | Requests: 172 | Success: 100.00% | Avg: 3.98ms
[2025-08-20 21:16:47] State: CLOSED | Failures: 0 | Requests: 172 | Success: 100.00% | Avg: 3.98ms
[2025-08-20 21:16:52] State: CLOSED | Failures: 0 | Requests: 172 | Success: 100.00% | Avg: 3.98ms
[2025-08-20 21:16:57] State: CLOSED | Failures: 0 | Requests: 173 | Success: 100.00% | Avg: 3.99ms
[2025-08-20 21:17:02] State: CLOSED | Failures: 0 | Requests: 173 | Success: 100.00% | Avg: 3.99ms
[2025-08-20 21:17:07] State: CLOSED | Failures: 0 | Requests: 173 | Success: 100.00% | Avg: 3.99ms
[2025-08-20 21:17:12] State: CLOSED | Failures: 0 | Requests: 174 | Success: 100.00% | Avg: 3.99ms
[2025-08-20 21:17:17] State: CLOSED | Failures: 0 | Requests: 174 | Success: 100.00% | Avg: 3.99ms
[2025-08-20 21:17:22] State: CLOSED | Failures: 0 | Requests: 174 | Success: 100.00% | Avg: 3.99ms
[2025-08-20 21:17:27] State: CLOSED | Failures: 0 | Requests: 175 | Success: 100.00% | Avg: 3.98ms
[2025-08-20 21:17:32] State: CLOSED | Failures: 0 | Requests: 175 | Success: 100.00% | Avg: 3.98ms
[2025-08-20 21:17:37] State: CLOSED | Failures: 0 | Requests: 175 | Success: 100.00% | Avg: 3.98ms
[2025-08-20 21:17:43] State: CLOSED | Failures: 0 | Requests: 176 | Success: 100.00% | Avg: 3.98ms
[2025-08-20 21:17:48] State: CLOSED | Failures: 0 | Requests: 176 | Success: 100.00% | Avg: 3.98ms
[2025-08-20 21:17:53] State: CLOSED | Failures: 0 | Requests: 176 | Success: 100.00% | Avg: 3.98ms
[2025-08-20 21:17:58] State: CLOSED | Failures: 0 | Requests: 177 | Success: 100.00% | Avg: 3.98ms
[2025-08-20 21:18:03] State: CLOSED | Failures: 0 | Requests: 177 | Success: 100.00% | Avg: 3.98ms
[2025-08-20 21:18:08] State: CLOSED | Failures: 0 | Requests: 177 | Success: 100.00% | Avg: 3.98ms
[2025-08-20 21:18:13] State: CLOSED | Failures: 0 | Requests: 178 | Success: 100.00% | Avg: 3.97ms
[2025-08-20 21:18:18] State: CLOSED | Failures: 0 | Requests: 178 | Success: 100.00% | Avg: 3.97ms
[2025-08-20 21:18:23] State: CLOSED | Failures: 0 | Requests: 178 | Success: 100.00% | Avg: 3.97ms
[2025-08-20 21:18:28] State: CLOSED | Failures: 0 | Requests: 179 | Success: 100.00% | Avg: 3.96ms
[2025-08-20 21:18:33] State: CLOSED | Failures: 0 | Requests: 179 | Success: 100.00% | Avg: 3.96ms
[2025-08-20 21:18:38] State: CLOSED | Failures: 0 | Requests: 179 | Success: 100.00% | Avg: 3.96ms
[2025-08-20 21:18:43] State: CLOSED | Failures: 0 | Requests: 180 | Success: 100.00% | Avg: 3.94ms
[2025-08-20 21:18:48] State: CLOSED | Failures: 0 | Requests: 180 | Success: 100.00% | Avg: 3.94ms
[2025-08-20 21:18:53] State: CLOSED | Failures: 0 | Requests: 180 | Success: 100.00% | Avg: 3.94ms
[2025-08-20 21:18:58] State: CLOSED | Failures: 0 | Requests: 181 | Success: 100.00% | Avg: 3.95ms
[2025-08-20 21:19:03] State: CLOSED | Failures: 0 | Requests: 181 | Success: 100.00% | Avg: 3.95ms
[2025-08-20 21:19:08] State: CLOSED | Failures: 0 | Requests: 181 | Success: 100.00% | Avg: 3.95ms
[2025-08-20 21:19:13] State: CLOSED | Failures: 0 | Requests: 182 | Success: 100.00% | Avg: 3.94ms
[2025-08-20 21:19:18] State: CLOSED | Failures: 0 | Requests: 182 | Success: 100.00% | Avg: 3.94ms
[2025-08-20 21:19:23] State: CLOSED | Failures: 0 | Requests: 182 | Success: 100.00% | Avg: 3.94ms
[2025-08-20 21:19:28] State: CLOSED | Failures: 0 | Requests: 183 | Success: 100.00% | Avg: 3.93ms
[2025-08-20 21:19:33] State: CLOSED | Failures: 0 | Requests: 183 | Success: 100.00% | Avg: 3.93ms
[2025-08-20 21:19:38] State: CLOSED | Failures: 0 | Requests: 183 | Success: 100.00% | Avg: 3.93ms
[2025-08-20 21:19:43] State: CLOSED | Failures: 0 | Requests: 184 | Success: 100.00% | Avg: 3.92ms
[2025-08-20 21:19:48] State: CLOSED | Failures: 0 | Requests: 184 | Success: 100.00% | Avg: 3.92ms
[2025-08-20 21:19:53] State: CLOSED | Failures: 0 | Requests: 184 | Success: 100.00% | Avg: 3.92ms
[2025-08-20 21:19:58] State: CLOSED | Failures: 0 | Requests: 185 | Success: 100.00% | Avg: 3.91ms
[2025-08-20 21:20:03] State: CLOSED | Failures: 0 | Requests: 185 | Success: 100.00% | Avg: 3.91ms
[2025-08-20 21:20:08] State: CLOSED | Failures: 0 | Requests: 185 | Success: 100.00% | Avg: 3.91ms
[2025-08-20 21:20:13] State: CLOSED | Failures: 0 | Requests: 186 | Success: 100.00% | Avg: 3.90ms
[2025-08-20 21:20:19] State: CLOSED | Failures: 0 | Requests: 186 | Success: 100.00% | Avg: 3.90ms
[2025-08-20 21:20:24] State: CLOSED | Failures: 0 | Requests: 186 | Success: 100.00% | Avg: 3.90ms
[2025-08-20 21:20:29] State: CLOSED | Failures: 0 | Requests: 187 | Success: 100.00% | Avg: 3.88ms
[2025-08-20 21:20:34] State: CLOSED | Failures: 0 | Requests: 187 | Success: 100.00% | Avg: 3.88ms
[2025-08-20 21:20:39] State: CLOSED | Failures: 0 | Requests: 187 | Success: 100.00% | Avg: 3.88ms
[2025-08-20 21:20:44] State: CLOSED | Failures: 0 | Requests: 188 | Success: 100.00% | Avg: 3.87ms
[2025-08-20 21:20:49] State: CLOSED | Failures: 0 | Requests: 188 | Success: 100.00% | Avg: 3.87ms
[2025-08-20 21:20:54] State: CLOSED | Failures: 0 | Requests: 188 | Success: 100.00% | Avg: 3.87ms
[2025-08-20 21:20:59] State: CLOSED | Failures: 0 | Requests: 189 | Success: 100.00% | Avg: 3.86ms
[2025-08-20 21:21:04] State: CLOSED | Failures: 0 | Requests: 189 | Success: 100.00% | Avg: 3.86ms
[2025-08-20 21:21:09] State: CLOSED | Failures: 0 | Requests: 189 | Success: 100.00% | Avg: 3.86ms
[2025-08-20 21:21:14] State: CLOSED | Failures: 0 | Requests: 190 | Success: 100.00% | Avg: 3.85ms
[2025-08-20 21:21:19] State: CLOSED | Failures: 0 | Requests: 190 | Success: 100.00% | Avg: 3.85ms
[2025-08-20 21:21:24] State: CLOSED | Failures: 0 | Requests: 190 | Success: 100.00% | Avg: 3.85ms
[2025-08-20 21:21:29] State: CLOSED | Failures: 0 | Requests: 191 | Success: 100.00% | Avg: 3.84ms
[2025-08-20 21:21:34] State: CLOSED | Failures: 0 | Requests: 191 | Success: 100.00% | Avg: 3.84ms
[2025-08-20 21:21:39] State: CLOSED | Failures: 0 | Requests: 191 | Success: 100.00% | Avg: 3.84ms
[2025-08-20 21:21:44] State: CLOSED | Failures: 0 | Requests: 192 | Success: 100.00% | Avg: 3.84ms
[2025-08-20 21:21:49] State: CLOSED | Failures: 0 | Requests: 192 | Success: 100.00% | Avg: 3.84ms
[2025-08-20 21:21:54] State: CLOSED | Failures: 0 | Requests: 193 | Success: 100.00% | Avg: 3.85ms
[2025-08-20 21:21:59] State: CLOSED | Failures: 0 | Requests: 193 | Success: 100.00% | Avg: 3.85ms
[2025-08-20 21:22:04] State: CLOSED | Failures: 0 | Requests: 193 | Success: 100.00% | Avg: 3.85ms
[2025-08-20 21:22:09] State: CLOSED | Failures: 0 | Requests: 194 | Success: 100.00% | Avg: 3.90ms
[2025-08-20 21:22:14] State: CLOSED | Failures: 0 | Requests: 194 | Success: 100.00% | Avg: 3.90ms
[2025-08-20 21:22:20] State: CLOSED | Failures: 0 | Requests: 194 | Success: 100.00% | Avg: 3.90ms
[2025-08-20 21:22:25] State: CLOSED | Failures: 0 | Requests: 195 | Success: 100.00% | Avg: 3.93ms
[2025-08-20 21:22:30] State: CLOSED | Failures: 0 | Requests: 195 | Success: 100.00% | Avg: 3.93ms
[2025-08-20 21:22:35] State: CLOSED | Failures: 0 | Requests: 195 | Success: 100.00% | Avg: 3.93ms
[2025-08-20 21:22:40] State: CLOSED | Failures: 0 | Requests: 196 | Success: 100.00% | Avg: 3.95ms
[2025-08-20 21:22:45] State: CLOSED | Failures: 0 | Requests: 196 | Success: 100.00% | Avg: 3.95ms
[2025-08-20 21:22:50] State: CLOSED | Failures: 0 | Requests: 196 | Success: 100.00% | Avg: 3.95ms
[2025-08-20 21:22:55] State: CLOSED | Failures: 0 | Requests: 197 | Success: 100.00% | Avg: 3.94ms
[2025-08-20 21:23:00] State: CLOSED | Failures: 0 | Requests: 197 | Success: 100.00% | Avg: 3.94ms
[2025-08-20 21:23:05] State: CLOSED | Failures: 0 | Requests: 197 | Success: 100.00% | Avg: 3.94ms
[2025-08-20 21:23:10] State: CLOSED | Failures: 0 | Requests: 198 | Success: 100.00% | Avg: 4.05ms
[2025-08-20 21:23:15] State: CLOSED | Failures: 0 | Requests: 198 | Success: 100.00% | Avg: 4.05ms
[2025-08-20 21:23:20] State: CLOSED | Failures: 0 | Requests: 198 | Success: 100.00% | Avg: 4.05ms
[2025-08-20 21:23:25] State: CLOSED | Failures: 0 | Requests: 199 | Success: 100.00% | Avg: 4.06ms
[2025-08-20 21:23:30] State: CLOSED | Failures: 0 | Requests: 199 | Success: 100.00% | Avg: 4.06ms
[2025-08-20 21:23:35] State: CLOSED | Failures: 0 | Requests: 199 | Success: 100.00% | Avg: 4.06ms
[2025-08-20 21:23:40] State: CLOSED | Failures: 0 | Requests: 200 | Success: 100.00% | Avg: 4.06ms
[2025-08-20 21:23:45] State: CLOSED | Failures: 0 | Requests: 200 | Success: 100.00% | Avg: 4.06ms
[2025-08-20 21:23:50] State: CLOSED | Failures: 0 | Requests: 200 | Success: 100.00% | Avg: 4.06ms
[2025-08-20 21:23:55] State: CLOSED | Failures: 0 | Requests: 201 | Success: 100.00% | Avg: 5.28ms
[2025-08-20 21:24:00] State: CLOSED | Failures: 0 | Requests: 201 | Success: 100.00% | Avg: 5.28ms
[2025-08-20 21:24:05] State: CLOSED | Failures: 0 | Requests: 201 | Success: 100.00% | Avg: 5.28ms
[2025-08-20 21:24:10] State: CLOSED | Failures: 0 | Requests: 202 | Success: 100.00% | Avg: 5.30ms
[2025-08-20 21:24:16] State: CLOSED | Failures: 0 | Requests: 202 | Success: 100.00% | Avg: 5.30ms
[2025-08-20 21:24:21] State: CLOSED | Failures: 0 | Requests: 202 | Success: 100.00% | Avg: 5.30ms
[2025-08-20 21:24:26] State: CLOSED | Failures: 0 | Requests: 203 | Success: 100.00% | Avg: 5.36ms
[2025-08-20 21:24:31] State: CLOSED | Failures: 0 | Requests: 203 | Success: 100.00% | Avg: 5.36ms
[2025-08-20 21:24:36] State: CLOSED | Failures: 0 | Requests: 203 | Success: 100.00% | Avg: 5.36ms
[2025-08-20 21:24:41] State: CLOSED | Failures: 0 | Requests: 204 | Success: 100.00% | Avg: 5.40ms
[2025-08-20 21:24:46] State: CLOSED | Failures: 0 | Requests: 204 | Success: 100.00% | Avg: 5.40ms
[2025-08-20 21:24:51] State: CLOSED | Failures: 0 | Requests: 204 | Success: 100.00% | Avg: 5.40ms
[2025-08-20 21:24:56] State: CLOSED | Failures: 0 | Requests: 205 | Success: 100.00% | Avg: 5.82ms
[2025-08-20 21:25:01] State: CLOSED | Failures: 0 | Requests: 205 | Success: 100.00% | Avg: 5.82ms
[2025-08-20 21:25:06] State: CLOSED | Failures: 0 | Requests: 205 | Success: 100.00% | Avg: 5.82ms
[2025-08-20 21:25:11] State: CLOSED | Failures: 0 | Requests: 206 | Success: 100.00% | Avg: 6.12ms
[2025-08-20 21:25:16] State: CLOSED | Failures: 0 | Requests: 206 | Success: 100.00% | Avg: 6.12ms
[2025-08-20 21:25:21] State: CLOSED | Failures: 0 | Requests: 206 | Success: 100.00% | Avg: 6.12ms
[2025-08-20 21:25:26] State: CLOSED | Failures: 0 | Requests: 207 | Success: 100.00% | Avg: 6.10ms
[2025-08-20 21:25:31] State: CLOSED | Failures: 0 | Requests: 207 | Success: 100.00% | Avg: 6.10ms
[2025-08-20 21:25:36] State: CLOSED | Failures: 0 | Requests: 207 | Success: 100.00% | Avg: 6.10ms
[2025-08-20 21:25:41] State: CLOSED | Failures: 0 | Requests: 208 | Success: 100.00% | Avg: 6.25ms
[2025-08-20 21:25:46] State: CLOSED | Failures: 0 | Requests: 208 | Success: 100.00% | Avg: 6.25ms
[2025-08-20 21:25:51] State: CLOSED | Failures: 0 | Requests: 208 | Success: 100.00% | Avg: 6.25ms
[2025-08-20 21:25:56] State: CLOSED | Failures: 0 | Requests: 209 | Success: 100.00% | Avg: 6.24ms
[2025-08-20 21:26:01] State: CLOSED | Failures: 0 | Requests: 209 | Success: 100.00% | Avg: 6.24ms
[2025-08-20 21:26:06] State: CLOSED | Failures: 0 | Requests: 209 | Success: 100.00% | Avg: 6.24ms
[2025-08-20 21:26:11] State: CLOSED | Failures: 0 | Requests: 210 | Success: 100.00% | Avg: 6.23ms
[2025-08-20 21:26:16] State: CLOSED | Failures: 0 | Requests: 210 | Success: 100.00% | Avg: 6.23ms
[2025-08-20 21:26:21] State: CLOSED | Failures: 0 | Requests: 210 | Success: 100.00% | Avg: 6.23ms
[2025-08-20 21:26:27] State: CLOSED | Failures: 0 | Requests: 211 | Success: 100.00% | Avg: 6.21ms
[2025-08-20 21:26:32] State: CLOSED | Failures: 0 | Requests: 211 | Success: 100.00% | Avg: 6.21ms
[2025-08-20 21:26:37] State: CLOSED | Failures: 0 | Requests: 211 | Success: 100.00% | Avg: 6.21ms
[2025-08-20 21:26:42] State: CLOSED | Failures: 0 | Requests: 212 | Success: 100.00% | Avg: 6.25ms
[2025-08-20 21:26:47] State: CLOSED | Failures: 0 | Requests: 212 | Success: 100.00% | Avg: 6.25ms
[2025-08-20 21:26:52] State: CLOSED | Failures: 0 | Requests: 212 | Success: 100.00% | Avg: 6.25ms
[2025-08-20 21:26:57] State: CLOSED | Failures: 0 | Requests: 213 | Success: 100.00% | Avg: 6.25ms
[2025-08-20 21:27:02] State: CLOSED | Failures: 0 | Requests: 213 | Success: 100.00% | Avg: 6.25ms
[2025-08-20 21:27:07] State: CLOSED | Failures: 0 | Requests: 213 | Success: 100.00% | Avg: 6.25ms
[2025-08-20 21:27:12] State: CLOSED | Failures: 0 | Requests: 214 | Success: 100.00% | Avg: 6.22ms
[2025-08-20 21:27:17] State: CLOSED | Failures: 0 | Requests: 214 | Success: 100.00% | Avg: 6.22ms
[2025-08-20 21:27:22] State: CLOSED | Failures: 0 | Requests: 214 | Success: 100.00% | Avg: 6.22ms
[2025-08-20 21:27:27] State: CLOSED | Failures: 0 | Requests: 215 | Success: 100.00% | Avg: 6.20ms
[2025-08-20 21:27:32] State: CLOSED | Failures: 0 | Requests: 215 | Success: 100.00% | Avg: 6.20ms
[2025-08-20 21:27:37] State: CLOSED | Failures: 0 | Requests: 215 | Success: 100.00% | Avg: 6.20ms
[2025-08-20 21:27:42] State: CLOSED | Failures: 0 | Requests: 216 | Success: 100.00% | Avg: 6.19ms
[2025-08-20 21:27:47] State: CLOSED | Failures: 0 | Requests: 216 | Success: 100.00% | Avg: 6.19ms
[2025-08-20 21:27:52] State: CLOSED | Failures: 0 | Requests: 216 | Success: 100.00% | Avg: 6.19ms
[2025-08-20 21:27:57] State: CLOSED | Failures: 0 | Requests: 217 | Success: 100.00% | Avg: 6.19ms
[2025-08-20 21:28:02] State: CLOSED | Failures: 0 | Requests: 217 | Success: 100.00% | Avg: 6.19ms
[2025-08-20 21:28:07] State: CLOSED | Failures: 0 | Requests: 217 | Success: 100.00% | Avg: 6.19ms
[2025-08-20 21:28:12] State: CLOSED | Failures: 0 | Requests: 218 | Success: 100.00% | Avg: 6.18ms
[2025-08-20 21:28:17] State: CLOSED | Failures: 0 | Requests: 218 | Success: 100.00% | Avg: 6.18ms
[2025-08-20 21:28:22] State: CLOSED | Failures: 0 | Requests: 218 | Success: 100.00% | Avg: 6.18ms
[2025-08-20 21:28:27] State: CLOSED | Failures: 0 | Requests: 219 | Success: 100.00% | Avg: 6.16ms
[2025-08-20 21:28:32] State: CLOSED | Failures: 0 | Requests: 219 | Success: 100.00% | Avg: 6.16ms
[2025-08-20 21:28:37] State: CLOSED | Failures: 0 | Requests: 219 | Success: 100.00% | Avg: 6.16ms
[2025-08-20 21:28:42] State: CLOSED | Failures: 0 | Requests: 220 | Success: 100.00% | Avg: 6.15ms
[2025-08-20 21:28:47] State: CLOSED | Failures: 0 | Requests: 220 | Success: 100.00% | Avg: 6.15ms
[2025-08-20 21:28:52] State: CLOSED | Failures: 0 | Requests: 220 | Success: 100.00% | Avg: 6.15ms
[2025-08-20 21:28:57] State: CLOSED | Failures: 0 | Requests: 221 | Success: 100.00% | Avg: 6.15ms
[2025-08-20 21:29:02] State: CLOSED | Failures: 0 | Requests: 221 | Success: 100.00% | Avg: 6.15ms
[2025-08-20 21:29:07] State: CLOSED | Failures: 0 | Requests: 221 | Success: 100.00% | Avg: 6.15ms
[2025-08-20 21:29:13] State: CLOSED | Failures: 0 | Requests: 222 | Success: 100.00% | Avg: 6.16ms
[2025-08-20 21:29:18] State: CLOSED | Failures: 0 | Requests: 222 | Success: 100.00% | Avg: 6.16ms
[2025-08-20 21:29:23] State: CLOSED | Failures: 0 | Requests: 222 | Success: 100.00% | Avg: 6.16ms
[2025-08-20 21:29:28] State: CLOSED | Failures: 0 | Requests: 223 | Success: 100.00% | Avg: 6.14ms
[2025-08-20 21:29:33] State: CLOSED | Failures: 0 | Requests: 223 | Success: 100.00% | Avg: 6.14ms
[2025-08-20 21:29:38] State: CLOSED | Failures: 0 | Requests: 223 | Success: 100.00% | Avg: 6.14ms
[2025-08-20 21:29:43] State: CLOSED | Failures: 0 | Requests: 224 | Success: 100.00% | Avg: 6.14ms
[2025-08-20 21:29:48] State: CLOSED | Failures: 0 | Requests: 224 | Success: 100.00% | Avg: 6.14ms
[2025-08-20 21:29:53] State: CLOSED | Failures: 0 | Requests: 224 | Success: 100.00% | Avg: 6.14ms
[2025-08-20 21:29:58] State: CLOSED | Failures: 0 | Requests: 225 | Success: 100.00% | Avg: 6.13ms
[2025-08-20 21:30:03] State: CLOSED | Failures: 0 | Requests: 225 | Success: 100.00% | Avg: 6.13ms
[2025-08-20 21:30:08] State: CLOSED | Failures: 0 | Requests: 225 | Success: 100.00% | Avg: 6.13ms
[2025-08-20 21:30:13] State: CLOSED | Failures: 0 | Requests: 226 | Success: 100.00% | Avg: 6.11ms
[2025-08-20 21:30:18] State: CLOSED | Failures: 0 | Requests: 226 | Success: 100.00% | Avg: 6.11ms
[2025-08-20 21:30:23] State: CLOSED | Failures: 0 | Requests: 226 | Success: 100.00% | Avg: 6.11ms
[2025-08-20 21:30:28] State: CLOSED | Failures: 0 | Requests: 227 | Success: 100.00% | Avg: 6.09ms
[2025-08-20 21:30:33] State: CLOSED | Failures: 0 | Requests: 227 | Success: 100.00% | Avg: 6.09ms
[2025-08-20 21:30:38] State: CLOSED | Failures: 0 | Requests: 227 | Success: 100.00% | Avg: 6.09ms
[2025-08-20 21:30:43] State: CLOSED | Failures: 0 | Requests: 228 | Success: 100.00% | Avg: 6.09ms
[2025-08-20 21:30:48] State: CLOSED | Failures: 0 | Requests: 228 | Success: 100.00% | Avg: 6.09ms
[2025-08-20 21:30:53] State: CLOSED | Failures: 0 | Requests: 228 | Success: 100.00% | Avg: 6.09ms
[2025-08-20 21:30:58] State: CLOSED | Failures: 0 | Requests: 229 | Success: 100.00% | Avg: 6.07ms
[2025-08-20 21:31:04] State: CLOSED | Failures: 0 | Requests: 229 | Success: 100.00% | Avg: 6.07ms
[2025-08-20 21:31:09] State: CLOSED | Failures: 0 | Requests: 229 | Success: 100.00% | Avg: 6.07ms
[2025-08-20 21:31:14] State: CLOSED | Failures: 0 | Requests: 230 | Success: 100.00% | Avg: 6.06ms
[2025-08-20 21:31:19] State: CLOSED | Failures: 0 | Requests: 230 | Success: 100.00% | Avg: 6.06ms
[2025-08-20 21:31:24] State: CLOSED | Failures: 0 | Requests: 230 | Success: 100.00% | Avg: 6.06ms
[2025-08-20 21:31:29] State: CLOSED | Failures: 0 | Requests: 231 | Success: 100.00% | Avg: 6.04ms
[2025-08-20 21:31:34] State: CLOSED | Failures: 0 | Requests: 231 | Success: 100.00% | Avg: 6.04ms
[2025-08-20 21:31:39] State: CLOSED | Failures: 0 | Requests: 231 | Success: 100.00% | Avg: 6.04ms
[2025-08-20 21:31:44] State: CLOSED | Failures: 0 | Requests: 232 | Success: 100.00% | Avg: 6.03ms
[2025-08-20 21:31:49] State: CLOSED | Failures: 0 | Requests: 232 | Success: 100.00% | Avg: 6.03ms
[2025-08-20 21:31:54] State: CLOSED | Failures: 0 | Requests: 232 | Success: 100.00% | Avg: 6.03ms
[2025-08-20 21:31:59] State: CLOSED | Failures: 0 | Requests: 233 | Success: 100.00% | Avg: 6.02ms
[2025-08-20 21:32:04] State: CLOSED | Failures: 0 | Requests: 233 | Success: 100.00% | Avg: 6.02ms
[2025-08-20 21:32:09] State: CLOSED | Failures: 0 | Requests: 233 | Success: 100.00% | Avg: 6.02ms
[2025-08-20 21:32:14] State: CLOSED | Failures: 0 | Requests: 234 | Success: 100.00% | Avg: 6.00ms
[2025-08-20 21:32:19] State: CLOSED | Failures: 0 | Requests: 234 | Success: 100.00% | Avg: 6.00ms
[2025-08-20 21:32:24] State: CLOSED | Failures: 0 | Requests: 234 | Success: 100.00% | Avg: 6.00ms
[2025-08-20 21:32:29] State: CLOSED | Failures: 0 | Requests: 235 | Success: 100.00% | Avg: 5.98ms
[2025-08-20 21:32:34] State: CLOSED | Failures: 0 | Requests: 235 | Success: 100.00% | Avg: 5.98ms
[2025-08-20 21:32:39] State: CLOSED | Failures: 0 | Requests: 235 | Success: 100.00% | Avg: 5.98ms
[2025-08-20 21:32:44] State: CLOSED | Failures: 0 | Requests: 236 | Success: 100.00% | Avg: 5.96ms
[2025-08-20 21:32:49] State: CLOSED | Failures: 0 | Requests: 236 | Success: 100.00% | Avg: 5.96ms
[2025-08-20 21:32:54] State: CLOSED | Failures: 0 | Requests: 236 | Success: 100.00% | Avg: 5.96ms
[2025-08-20 21:32:59] State: CLOSED | Failures: 0 | Requests: 237 | Success: 100.00% | Avg: 5.97ms
[2025-08-20 21:33:04] State: CLOSED | Failures: 0 | Requests: 237 | Success: 100.00% | Avg: 5.97ms
[2025-08-20 21:33:09] State: CLOSED | Failures: 0 | Requests: 237 | Success: 100.00% | Avg: 5.97ms
[2025-08-20 21:33:15] State: CLOSED | Failures: 0 | Requests: 238 | Success: 100.00% | Avg: 5.96ms
[2025-08-20 21:33:20] State: CLOSED | Failures: 0 | Requests: 238 | Success: 100.00% | Avg: 5.96ms
[2025-08-20 21:33:25] State: CLOSED | Failures: 0 | Requests: 239 | Success: 100.00% | Avg: 5.95ms
[2025-08-20 21:33:30] State: CLOSED | Failures: 0 | Requests: 239 | Success: 100.00% | Avg: 5.95ms
[2025-08-20 21:33:35] State: CLOSED | Failures: 0 | Requests: 239 | Success: 100.00% | Avg: 5.95ms
[2025-08-20 21:33:40] State: CLOSED | Failures: 0 | Requests: 240 | Success: 100.00% | Avg: 5.95ms
[2025-08-20 21:33:45] State: CLOSED | Failures: 0 | Requests: 240 | Success: 100.00% | Avg: 5.95ms
[2025-08-20 21:33:50] State: CLOSED | Failures: 0 | Requests: 240 | Success: 100.00% | Avg: 5.95ms
[2025-08-20 21:33:55] State: CLOSED | Failures: 0 | Requests: 241 | Success: 100.00% | Avg: 5.97ms
[2025-08-20 21:34:00] State: CLOSED | Failures: 0 | Requests: 241 | Success: 100.00% | Avg: 5.97ms
[2025-08-20 21:34:05] State: CLOSED | Failures: 0 | Requests: 241 | Success: 100.00% | Avg: 5.97ms
[2025-08-20 21:34:10] State: CLOSED | Failures: 0 | Requests: 242 | Success: 100.00% | Avg: 5.95ms
[2025-08-20 21:34:15] State: CLOSED | Failures: 0 | Requests: 242 | Success: 100.00% | Avg: 5.95ms
[2025-08-20 21:34:20] State: CLOSED | Failures: 0 | Requests: 242 | Success: 100.00% | Avg: 5.95ms
[2025-08-20 21:34:25] State: CLOSED | Failures: 0 | Requests: 243 | Success: 100.00% | Avg: 5.94ms
[2025-08-20 21:34:30] State: CLOSED | Failures: 0 | Requests: 243 | Success: 100.00% | Avg: 5.94ms
[2025-08-20 21:34:35] State: CLOSED | Failures: 0 | Requests: 243 | Success: 100.00% | Avg: 5.94ms
[2025-08-20 21:34:40] State: CLOSED | Failures: 0 | Requests: 244 | Success: 100.00% | Avg: 5.93ms
[2025-08-20 21:34:45] State: CLOSED | Failures: 0 | Requests: 244 | Success: 100.00% | Avg: 5.93ms
[2025-08-20 21:34:50] State: CLOSED | Failures: 0 | Requests: 244 | Success: 100.00% | Avg: 5.93ms
[2025-08-20 21:34:55] State: CLOSED | Failures: 0 | Requests: 245 | Success: 100.00% | Avg: 5.91ms
[2025-08-20 21:35:00] State: CLOSED | Failures: 0 | Requests: 245 | Success: 100.00% | Avg: 5.91ms
[2025-08-20 21:35:05] State: CLOSED | Failures: 0 | Requests: 245 | Success: 100.00% | Avg: 5.91ms
[2025-08-20 21:35:10] State: CLOSED | Failures: 0 | Requests: 246 | Success: 100.00% | Avg: 5.89ms
[2025-08-20 21:35:15] State: CLOSED | Failures: 0 | Requests: 246 | Success: 100.00% | Avg: 5.89ms
[2025-08-20 21:35:20] State: CLOSED | Failures: 0 | Requests: 246 | Success: 100.00% | Avg: 5.89ms
[2025-08-20 21:35:25] State: CLOSED | Failures: 0 | Requests: 247 | Success: 100.00% | Avg: 5.88ms
[2025-08-20 21:35:31] State: CLOSED | Failures: 0 | Requests: 247 | Success: 100.00% | Avg: 5.88ms
[2025-08-20 21:35:36] State: CLOSED | Failures: 0 | Requests: 247 | Success: 100.00% | Avg: 5.88ms
[2025-08-20 21:35:41] State: CLOSED | Failures: 0 | Requests: 248 | Success: 100.00% | Avg: 5.86ms
[2025-08-20 21:35:46] State: CLOSED | Failures: 0 | Requests: 248 | Success: 100.00% | Avg: 5.86ms
[2025-08-20 21:35:51] State: CLOSED | Failures: 0 | Requests: 248 | Success: 100.00% | Avg: 5.86ms
[2025-08-20 21:35:56] State: CLOSED | Failures: 0 | Requests: 249 | Success: 100.00% | Avg: 5.84ms
[2025-08-20 21:36:01] State: CLOSED | Failures: 0 | Requests: 249 | Success: 100.00% | Avg: 5.84ms
[2025-08-20 21:36:06] State: CLOSED | Failures: 0 | Requests: 249 | Success: 100.00% | Avg: 5.84ms
[2025-08-20 21:36:11] State: CLOSED | Failures: 0 | Requests: 250 | Success: 100.00% | Avg: 5.82ms
[2025-08-20 21:36:16] State: CLOSED | Failures: 0 | Requests: 250 | Success: 100.00% | Avg: 5.82ms
[2025-08-20 21:36:21] State: CLOSED | Failures: 0 | Requests: 250 | Success: 100.00% | Avg: 5.82ms
[2025-08-20 21:36:26] State: CLOSED | Failures: 0 | Requests: 251 | Success: 100.00% | Avg: 5.81ms
[2025-08-20 21:36:31] State: CLOSED | Failures: 0 | Requests: 251 | Success: 100.00% | Avg: 5.81ms
[2025-08-20 21:36:36] State: CLOSED | Failures: 0 | Requests: 251 | Success: 100.00% | Avg: 5.81ms
[2025-08-20 21:36:41] State: CLOSED | Failures: 0 | Requests: 252 | Success: 100.00% | Avg: 5.80ms
[2025-08-20 21:36:46] State: CLOSED | Failures: 0 | Requests: 252 | Success: 100.00% | Avg: 5.80ms
[2025-08-20 21:36:51] State: CLOSED | Failures: 0 | Requests: 252 | Success: 100.00% | Avg: 5.80ms
[2025-08-20 21:36:56] State: CLOSED | Failures: 0 | Requests: 253 | Success: 100.00% | Avg: 5.78ms
[2025-08-20 21:37:01] State: CLOSED | Failures: 0 | Requests: 253 | Success: 100.00% | Avg: 5.78ms
[2025-08-20 21:37:06] State: CLOSED | Failures: 0 | Requests: 253 | Success: 100.00% | Avg: 5.78ms
[2025-08-20 21:37:11] State: CLOSED | Failures: 0 | Requests: 254 | Success: 100.00% | Avg: 5.77ms
[2025-08-20 21:37:16] State: CLOSED | Failures: 0 | Requests: 254 | Success: 100.00% | Avg: 5.77ms
[2025-08-20 21:37:21] State: CLOSED | Failures: 0 | Requests: 254 | Success: 100.00% | Avg: 5.77ms
[2025-08-20 21:37:26] State: CLOSED | Failures: 0 | Requests: 255 | Success: 100.00% | Avg: 5.76ms
[2025-08-20 21:37:31] State: CLOSED | Failures: 0 | Requests: 255 | Success: 100.00% | Avg: 5.76ms
[2025-08-20 21:37:36] State: CLOSED | Failures: 0 | Requests: 255 | Success: 100.00% | Avg: 5.76ms
[2025-08-20 21:37:41] State: CLOSED | Failures: 0 | Requests: 256 | Success: 100.00% | Avg: 5.76ms
[2025-08-20 21:37:47] State: CLOSED | Failures: 0 | Requests: 256 | Success: 100.00% | Avg: 5.76ms
[2025-08-20 21:37:52] State: CLOSED | Failures: 0 | Requests: 256 | Success: 100.00% | Avg: 5.76ms
[2025-08-20 21:37:57] State: CLOSED | Failures: 0 | Requests: 257 | Success: 100.00% | Avg: 5.74ms
[2025-08-20 21:38:02] State: CLOSED | Failures: 0 | Requests: 257 | Success: 100.00% | Avg: 5.74ms
[2025-08-20 21:38:07] State: CLOSED | Failures: 0 | Requests: 257 | Success: 100.00% | Avg: 5.74ms
[2025-08-20 21:38:12] State: CLOSED | Failures: 0 | Requests: 258 | Success: 100.00% | Avg: 5.73ms
[2025-08-20 21:38:17] State: CLOSED | Failures: 0 | Requests: 258 | Success: 100.00% | Avg: 5.73ms
[2025-08-20 21:38:22] State: CLOSED | Failures: 0 | Requests: 258 | Success: 100.00% | Avg: 5.73ms
[2025-08-20 21:38:27] State: CLOSED | Failures: 0 | Requests: 259 | Success: 100.00% | Avg: 5.72ms
[2025-08-20 21:38:32] State: CLOSED | Failures: 0 | Requests: 259 | Success: 100.00% | Avg: 5.72ms
[2025-08-20 21:38:37] State: CLOSED | Failures: 0 | Requests: 259 | Success: 100.00% | Avg: 5.72ms
[2025-08-20 21:38:42] State: CLOSED | Failures: 0 | Requests: 260 | Success: 100.00% | Avg: 5.72ms
[2025-08-20 21:38:47] State: CLOSED | Failures: 0 | Requests: 260 | Success: 100.00% | Avg: 5.72ms
[2025-08-20 21:38:52] State: CLOSED | Failures: 0 | Requests: 260 | Success: 100.00% | Avg: 5.72ms
[2025-08-20 21:38:57] State: CLOSED | Failures: 0 | Requests: 261 | Success: 100.00% | Avg: 5.71ms
[2025-08-20 21:39:02] State: CLOSED | Failures: 0 | Requests: 261 | Success: 100.00% | Avg: 5.71ms
[2025-08-20 21:39:07] State: CLOSED | Failures: 0 | Requests: 261 | Success: 100.00% | Avg: 5.71ms
[2025-08-20 21:39:12] State: CLOSED | Failures: 0 | Requests: 262 | Success: 100.00% | Avg: 5.71ms
[2025-08-20 21:39:17] State: CLOSED | Failures: 0 | Requests: 262 | Success: 100.00% | Avg: 5.71ms
[2025-08-20 21:39:22] State: CLOSED | Failures: 0 | Requests: 262 | Success: 100.00% | Avg: 5.71ms
[2025-08-20 21:39:27] State: CLOSED | Failures: 0 | Requests: 263 | Success: 100.00% | Avg: 5.69ms
[2025-08-20 21:39:32] State: CLOSED | Failures: 0 | Requests: 263 | Success: 100.00% | Avg: 5.69ms
[2025-08-20 21:39:37] State: CLOSED | Failures: 0 | Requests: 263 | Success: 100.00% | Avg: 5.69ms
[2025-08-20 21:39:42] State: CLOSED | Failures: 0 | Requests: 264 | Success: 100.00% | Avg: 5.69ms
[2025-08-20 21:39:47] State: CLOSED | Failures: 0 | Requests: 264 | Success: 100.00% | Avg: 5.69ms
[2025-08-20 21:39:52] State: CLOSED | Failures: 0 | Requests: 264 | Success: 100.00% | Avg: 5.69ms
[2025-08-20 21:39:58] State: CLOSED | Failures: 0 | Requests: 265 | Success: 100.00% | Avg: 5.68ms
[2025-08-20 21:40:03] State: CLOSED | Failures: 0 | Requests: 265 | Success: 100.00% | Avg: 5.68ms
[2025-08-20 21:40:08] State: CLOSED | Failures: 0 | Requests: 265 | Success: 100.00% | Avg: 5.68ms
[2025-08-20 21:40:13] State: CLOSED | Failures: 0 | Requests: 266 | Success: 100.00% | Avg: 5.67ms
[2025-08-20 21:40:18] State: CLOSED | Failures: 0 | Requests: 266 | Success: 100.00% | Avg: 5.67ms
[2025-08-20 21:40:23] State: CLOSED | Failures: 0 | Requests: 266 | Success: 100.00% | Avg: 5.67ms
[2025-08-20 21:40:28] State: CLOSED | Failures: 0 | Requests: 267 | Success: 100.00% | Avg: 5.67ms
[2025-08-20 21:40:33] State: CLOSED | Failures: 0 | Requests: 267 | Success: 100.00% | Avg: 5.67ms
[2025-08-20 21:40:38] State: CLOSED | Failures: 0 | Requests: 267 | Success: 100.00% | Avg: 5.67ms
[2025-08-20 21:40:43] State: CLOSED | Failures: 0 | Requests: 268 | Success: 100.00% | Avg: 5.66ms
[2025-08-20 21:40:48] State: CLOSED | Failures: 0 | Requests: 268 | Success: 100.00% | Avg: 5.66ms
[2025-08-20 21:40:53] State: CLOSED | Failures: 0 | Requests: 268 | Success: 100.00% | Avg: 5.66ms
[2025-08-20 21:40:58] State: CLOSED | Failures: 0 | Requests: 269 | Success: 100.00% | Avg: 5.65ms
[2025-08-20 21:41:03] State: CLOSED | Failures: 0 | Requests: 269 | Success: 100.00% | Avg: 5.65ms
[2025-08-20 21:41:08] State: CLOSED | Failures: 0 | Requests: 269 | Success: 100.00% | Avg: 5.65ms
[2025-08-20 21:41:13] State: CLOSED | Failures: 0 | Requests: 270 | Success: 100.00% | Avg: 5.64ms
[2025-08-20 21:41:18] State: CLOSED | Failures: 0 | Requests: 270 | Success: 100.00% | Avg: 5.64ms
[2025-08-20 21:41:23] State: CLOSED | Failures: 0 | Requests: 270 | Success: 100.00% | Avg: 5.64ms
[2025-08-20 21:41:28] State: CLOSED | Failures: 0 | Requests: 271 | Success: 100.00% | Avg: 5.63ms
[2025-08-20 21:41:33] State: CLOSED | Failures: 0 | Requests: 271 | Success: 100.00% | Avg: 5.63ms
[2025-08-20 21:41:38] State: CLOSED | Failures: 0 | Requests: 271 | Success: 100.00% | Avg: 5.63ms
[2025-08-20 21:41:43] State: CLOSED | Failures: 0 | Requests: 272 | Success: 100.00% | Avg: 5.61ms
[2025-08-20 21:41:48] State: CLOSED | Failures: 0 | Requests: 272 | Success: 100.00% | Avg: 5.61ms
[2025-08-20 21:41:53] State: CLOSED | Failures: 0 | Requests: 272 | Success: 100.00% | Avg: 5.61ms
[2025-08-20 21:41:58] State: CLOSED | Failures: 0 | Requests: 273 | Success: 100.00% | Avg: 5.60ms
[2025-08-20 21:42:03] State: CLOSED | Failures: 0 | Requests: 273 | Success: 100.00% | Avg: 5.60ms
[2025-08-20 21:42:08] State: CLOSED | Failures: 0 | Requests: 273 | Success: 100.00% | Avg: 5.60ms
[2025-08-20 21:42:14] State: CLOSED | Failures: 0 | Requests: 274 | Success: 100.00% | Avg: 5.59ms
[2025-08-20 21:42:19] State: CLOSED | Failures: 0 | Requests: 274 | Success: 100.00% | Avg: 5.59ms
[2025-08-20 21:42:24] State: CLOSED | Failures: 0 | Requests: 274 | Success: 100.00% | Avg: 5.59ms
[2025-08-20 21:42:29] State: CLOSED | Failures: 0 | Requests: 275 | Success: 100.00% | Avg: 5.58ms
[2025-08-20 21:42:34] State: CLOSED | Failures: 0 | Requests: 275 | Success: 100.00% | Avg: 5.58ms
[2025-08-20 21:42:39] State: CLOSED | Failures: 0 | Requests: 275 | Success: 100.00% | Avg: 5.58ms
[2025-08-20 21:42:44] State: CLOSED | Failures: 0 | Requests: 276 | Success: 100.00% | Avg: 5.57ms
[2025-08-20 21:42:49] State: CLOSED | Failures: 0 | Requests: 276 | Success: 100.00% | Avg: 5.57ms
[2025-08-20 21:42:54] State: CLOSED | Failures: 0 | Requests: 276 | Success: 100.00% | Avg: 5.57ms
[2025-08-20 21:42:59] State: CLOSED | Failures: 0 | Requests: 277 | Success: 100.00% | Avg: 5.56ms
[2025-08-20 21:43:04] State: CLOSED | Failures: 0 | Requests: 277 | Success: 100.00% | Avg: 5.56ms
[2025-08-20 21:43:09] State: CLOSED | Failures: 0 | Requests: 277 | Success: 100.00% | Avg: 5.56ms
[2025-08-20 21:43:14] State: CLOSED | Failures: 0 | Requests: 278 | Success: 100.00% | Avg: 5.54ms
[2025-08-20 21:43:19] State: CLOSED | Failures: 0 | Requests: 278 | Success: 100.00% | Avg: 5.54ms
[2025-08-20 21:43:24] State: CLOSED | Failures: 0 | Requests: 278 | Success: 100.00% | Avg: 5.54ms
[2025-08-20 21:43:29] State: CLOSED | Failures: 0 | Requests: 279 | Success: 100.00% | Avg: 5.53ms
[2025-08-20 21:43:34] State: CLOSED | Failures: 0 | Requests: 279 | Success: 100.00% | Avg: 5.53ms
[2025-08-20 21:43:39] State: CLOSED | Failures: 0 | Requests: 279 | Success: 100.00% | Avg: 5.53ms
[2025-08-20 21:43:44] State: CLOSED | Failures: 0 | Requests: 280 | Success: 100.00% | Avg: 5.53ms
[2025-08-20 21:43:49] State: CLOSED | Failures: 0 | Requests: 280 | Success: 100.00% | Avg: 5.53ms
[2025-08-20 21:43:54] State: CLOSED | Failures: 0 | Requests: 280 | Success: 100.00% | Avg: 5.53ms
[2025-08-20 21:43:59] State: CLOSED | Failures: 0 | Requests: 281 | Success: 100.00% | Avg: 5.52ms
[2025-08-20 21:44:04] State: CLOSED | Failures: 0 | Requests: 281 | Success: 100.00% | Avg: 5.52ms
[2025-08-20 21:44:09] State: CLOSED | Failures: 0 | Requests: 281 | Success: 100.00% | Avg: 5.52ms
[2025-08-20 21:44:14] State: CLOSED | Failures: 0 | Requests: 282 | Success: 100.00% | Avg: 5.51ms
[2025-08-20 21:44:19] State: CLOSED | Failures: 0 | Requests: 282 | Success: 100.00% | Avg: 5.51ms
[2025-08-20 21:44:24] State: CLOSED | Failures: 0 | Requests: 282 | Success: 100.00% | Avg: 5.51ms
[2025-08-20 21:44:29] State: CLOSED | Failures: 0 | Requests: 283 | Success: 100.00% | Avg: 5.50ms
[2025-08-20 21:44:34] State: CLOSED | Failures: 0 | Requests: 283 | Success: 100.00% | Avg: 5.50ms
[2025-08-20 21:44:39] State: CLOSED | Failures: 0 | Requests: 283 | Success: 100.00% | Avg: 5.50ms
[2025-08-20 21:44:44] State: CLOSED | Failures: 0 | Requests: 284 | Success: 100.00% | Avg: 5.49ms
[2025-08-20 21:44:50] State: CLOSED | Failures: 0 | Requests: 284 | Success: 100.00% | Avg: 5.49ms
[2025-08-20 21:44:55] State: CLOSED | Failures: 0 | Requests: 284 | Success: 100.00% | Avg: 5.49ms
[2025-08-20 21:45:00] State: CLOSED | Failures: 0 | Requests: 285 | Success: 100.00% | Avg: 5.48ms
[2025-08-20 21:45:05] State: CLOSED | Failures: 0 | Requests: 285 | Success: 100.00% | Avg: 5.48ms
[2025-08-20 21:45:10] State: CLOSED | Failures: 0 | Requests: 285 | Success: 100.00% | Avg: 5.48ms
[2025-08-20 21:45:15] State: CLOSED | Failures: 0 | Requests: 286 | Success: 100.00% | Avg: 5.48ms
[2025-08-20 21:45:20] State: CLOSED | Failures: 0 | Requests: 286 | Success: 100.00% | Avg: 5.48ms
[2025-08-20 21:45:25] State: CLOSED | Failures: 0 | Requests: 286 | Success: 100.00% | Avg: 5.48ms
[2025-08-20 21:45:30] State: CLOSED | Failures: 0 | Requests: 287 | Success: 100.00% | Avg: 5.47ms
[2025-08-20 21:45:35] State: CLOSED | Failures: 0 | Requests: 287 | Success: 100.00% | Avg: 5.47ms
[2025-08-20 21:45:40] State: CLOSED | Failures: 0 | Requests: 288 | Success: 100.00% | Avg: 5.47ms
[2025-08-20 21:45:45] State: CLOSED | Failures: 0 | Requests: 288 | Success: 100.00% | Avg: 5.47ms
[2025-08-20 21:45:50] State: CLOSED | Failures: 0 | Requests: 288 | Success: 100.00% | Avg: 5.47ms
[2025-08-20 21:45:55] State: CLOSED | Failures: 0 | Requests: 289 | Success: 100.00% | Avg: 5.46ms
[2025-08-20 21:46:00] State: CLOSED | Failures: 0 | Requests: 289 | Success: 100.00% | Avg: 5.46ms
[2025-08-20 21:46:05] State: CLOSED | Failures: 0 | Requests: 289 | Success: 100.00% | Avg: 5.46ms
[2025-08-20 21:46:10] State: CLOSED | Failures: 0 | Requests: 290 | Success: 100.00% | Avg: 5.45ms
[2025-08-20 21:46:15] State: CLOSED | Failures: 0 | Requests: 290 | Success: 100.00% | Avg: 5.45ms
[2025-08-20 21:46:20] State: CLOSED | Failures: 0 | Requests: 290 | Success: 100.00% | Avg: 5.45ms
[2025-08-20 21:46:25] State: CLOSED | Failures: 0 | Requests: 291 | Success: 100.00% | Avg: 5.46ms
[2025-08-20 21:46:30] State: CLOSED | Failures: 0 | Requests: 291 | Success: 100.00% | Avg: 5.46ms
[2025-08-20 21:46:35] State: CLOSED | Failures: 0 | Requests: 291 | Success: 100.00% | Avg: 5.46ms
[2025-08-20 21:46:40] State: CLOSED | Failures: 0 | Requests: 292 | Success: 100.00% | Avg: 5.45ms
[2025-08-20 21:46:45] State: CLOSED | Failures: 0 | Requests: 292 | Success: 100.00% | Avg: 5.45ms
[2025-08-20 21:46:50] State: CLOSED | Failures: 0 | Requests: 292 | Success: 100.00% | Avg: 5.45ms
[2025-08-20 21:46:55] State: CLOSED | Failures: 0 | Requests: 293 | Success: 100.00% | Avg: 5.44ms
[2025-08-20 21:47:00] State: CLOSED | Failures: 0 | Requests: 293 | Success: 100.00% | Avg: 5.44ms
[2025-08-20 21:47:05] State: CLOSED | Failures: 0 | Requests: 293 | Success: 100.00% | Avg: 5.44ms
[2025-08-20 21:47:10] State: CLOSED | Failures: 0 | Requests: 294 | Success: 100.00% | Avg: 5.43ms
[2025-08-20 21:47:15] State: CLOSED | Failures: 0 | Requests: 294 | Success: 100.00% | Avg: 5.43ms
[2025-08-20 21:47:20] State: CLOSED | Failures: 0 | Requests: 294 | Success: 100.00% | Avg: 5.43ms
[2025-08-20 21:47:26] State: CLOSED | Failures: 0 | Requests: 295 | Success: 100.00% | Avg: 5.42ms
[2025-08-20 21:47:31] State: CLOSED | Failures: 0 | Requests: 295 | Success: 100.00% | Avg: 5.42ms
[2025-08-20 21:47:36] State: CLOSED | Failures: 0 | Requests: 295 | Success: 100.00% | Avg: 5.42ms
[2025-08-20 21:47:41] State: CLOSED | Failures: 0 | Requests: 296 | Success: 100.00% | Avg: 5.42ms
[2025-08-20 21:47:46] State: CLOSED | Failures: 0 | Requests: 296 | Success: 100.00% | Avg: 5.42ms
[2025-08-20 21:47:51] State: CLOSED | Failures: 0 | Requests: 296 | Success: 100.00% | Avg: 5.42ms
[2025-08-20 21:47:56] State: CLOSED | Failures: 0 | Requests: 297 | Success: 100.00% | Avg: 5.41ms
[2025-08-20 21:48:01] State: CLOSED | Failures: 0 | Requests: 297 | Success: 100.00% | Avg: 5.41ms
[2025-08-20 21:48:06] State: CLOSED | Failures: 0 | Requests: 297 | Success: 100.00% | Avg: 5.41ms
[2025-08-20 21:48:11] State: CLOSED | Failures: 0 | Requests: 298 | Success: 100.00% | Avg: 5.41ms
[2025-08-20 21:48:16] State: CLOSED | Failures: 0 | Requests: 298 | Success: 100.00% | Avg: 5.41ms
[2025-08-20 21:48:21] State: CLOSED | Failures: 0 | Requests: 298 | Success: 100.00% | Avg: 5.41ms
[2025-08-20 21:48:26] State: CLOSED | Failures: 0 | Requests: 299 | Success: 100.00% | Avg: 5.40ms
[2025-08-20 21:48:31] State: CLOSED | Failures: 0 | Requests: 299 | Success: 100.00% | Avg: 5.40ms
[2025-08-20 21:48:36] State: CLOSED | Failures: 0 | Requests: 299 | Success: 100.00% | Avg: 5.40ms
[2025-08-20 21:48:41] State: CLOSED | Failures: 0 | Requests: 300 | Success: 100.00% | Avg: 5.40ms
[2025-08-20 21:48:46] State: CLOSED | Failures: 0 | Requests: 300 | Success: 100.00% | Avg: 5.40ms
[2025-08-20 21:48:51] State: CLOSED | Failures: 0 | Requests: 300 | Success: 100.00% | Avg: 5.40ms
[2025-08-20 21:48:56] State: CLOSED | Failures: 0 | Requests: 301 | Success: 100.00% | Avg: 5.40ms
[2025-08-20 21:49:01] State: CLOSED | Failures: 0 | Requests: 301 | Success: 100.00% | Avg: 5.40ms
[2025-08-20 21:49:06] State: CLOSED | Failures: 0 | Requests: 301 | Success: 100.00% | Avg: 5.40ms
[2025-08-20 21:49:11] State: CLOSED | Failures: 0 | Requests: 302 | Success: 100.00% | Avg: 5.39ms
[2025-08-20 21:49:16] State: CLOSED | Failures: 0 | Requests: 302 | Success: 100.00% | Avg: 5.39ms
[2025-08-20 21:49:21] State: CLOSED | Failures: 0 | Requests: 302 | Success: 100.00% | Avg: 5.39ms
[2025-08-20 21:49:27] State: CLOSED | Failures: 0 | Requests: 303 | Success: 100.00% | Avg: 5.38ms
[2025-08-20 21:49:32] State: CLOSED | Failures: 0 | Requests: 303 | Success: 100.00% | Avg: 5.38ms
[2025-08-20 21:49:37] State: CLOSED | Failures: 0 | Requests: 303 | Success: 100.00% | Avg: 5.38ms
[2025-08-20 21:49:42] State: CLOSED | Failures: 0 | Requests: 304 | Success: 100.00% | Avg: 5.37ms
[2025-08-20 21:49:47] State: CLOSED | Failures: 0 | Requests: 304 | Success: 100.00% | Avg: 5.37ms
[2025-08-20 21:49:52] State: CLOSED | Failures: 0 | Requests: 304 | Success: 100.00% | Avg: 5.37ms
[2025-08-20 21:49:57] State: CLOSED | Failures: 0 | Requests: 305 | Success: 100.00% | Avg: 5.36ms
[2025-08-20 21:50:02] State: CLOSED | Failures: 0 | Requests: 305 | Success: 100.00% | Avg: 5.36ms
[2025-08-20 21:50:07] State: CLOSED | Failures: 0 | Requests: 305 | Success: 100.00% | Avg: 5.36ms
[2025-08-20 21:50:12] State: CLOSED | Failures: 0 | Requests: 306 | Success: 100.00% | Avg: 5.37ms
[2025-08-20 21:50:17] State: CLOSED | Failures: 0 | Requests: 306 | Success: 100.00% | Avg: 5.37ms
[2025-08-20 21:50:22] State: CLOSED | Failures: 0 | Requests: 306 | Success: 100.00% | Avg: 5.37ms
[2025-08-20 21:50:27] State: CLOSED | Failures: 0 | Requests: 307 | Success: 100.00% | Avg: 5.36ms
[2025-08-20 21:50:32] State: CLOSED | Failures: 0 | Requests: 307 | Success: 100.00% | Avg: 5.36ms
[2025-08-20 21:50:37] State: CLOSED | Failures: 0 | Requests: 307 | Success: 100.00% | Avg: 5.36ms
[2025-08-20 21:50:42] State: CLOSED | Failures: 0 | Requests: 308 | Success: 100.00% | Avg: 5.36ms
[2025-08-20 21:50:47] State: CLOSED | Failures: 0 | Requests: 308 | Success: 100.00% | Avg: 5.36ms
[2025-08-20 21:50:52] State: CLOSED | Failures: 0 | Requests: 308 | Success: 100.00% | Avg: 5.36ms
[2025-08-20 21:50:57] State: CLOSED | Failures: 0 | Requests: 309 | Success: 100.00% | Avg: 5.36ms
[2025-08-20 21:51:02] State: CLOSED | Failures: 0 | Requests: 309 | Success: 100.00% | Avg: 5.36ms
[2025-08-20 21:51:07] State: CLOSED | Failures: 0 | Requests: 309 | Success: 100.00% | Avg: 5.36ms
[2025-08-20 21:51:12] State: CLOSED | Failures: 0 | Requests: 310 | Success: 100.00% | Avg: 5.36ms
[2025-08-20 21:51:17] State: CLOSED | Failures: 0 | Requests: 310 | Success: 100.00% | Avg: 5.36ms
[2025-08-20 21:51:22] State: CLOSED | Failures: 0 | Requests: 310 | Success: 100.00% | Avg: 5.36ms
[2025-08-20 21:51:27] State: CLOSED | Failures: 0 | Requests: 311 | Success: 100.00% | Avg: 5.35ms
[2025-08-20 21:51:33] State: CLOSED | Failures: 0 | Requests: 311 | Success: 100.00% | Avg: 5.35ms
[2025-08-20 21:51:38] State: CLOSED | Failures: 0 | Requests: 311 | Success: 100.00% | Avg: 5.35ms
[2025-08-20 21:51:43] State: CLOSED | Failures: 0 | Requests: 312 | Success: 100.00% | Avg: 5.35ms
[2025-08-20 21:51:48] State: CLOSED | Failures: 0 | Requests: 312 | Success: 100.00% | Avg: 5.35ms
[2025-08-20 21:51:53] State: CLOSED | Failures: 0 | Requests: 312 | Success: 100.00% | Avg: 5.35ms
[2025-08-20 21:51:58] State: CLOSED | Failures: 0 | Requests: 313 | Success: 100.00% | Avg: 5.35ms
[2025-08-20 21:52:03] State: CLOSED | Failures: 0 | Requests: 313 | Success: 100.00% | Avg: 5.35ms
[2025-08-20 21:52:08] State: CLOSED | Failures: 0 | Requests: 313 | Success: 100.00% | Avg: 5.35ms
[2025-08-20 21:52:13] State: CLOSED | Failures: 0 | Requests: 314 | Success: 100.00% | Avg: 5.35ms
[2025-08-20 21:52:18] State: CLOSED | Failures: 0 | Requests: 314 | Success: 100.00% | Avg: 5.35ms
[2025-08-20 21:52:23] State: CLOSED | Failures: 0 | Requests: 314 | Success: 100.00% | Avg: 5.35ms
[2025-08-20 21:52:28] State: CLOSED | Failures: 0 | Requests: 315 | Success: 100.00% | Avg: 5.34ms
[2025-08-20 21:52:33] State: CLOSED | Failures: 0 | Requests: 315 | Success: 100.00% | Avg: 5.34ms
[2025-08-20 21:52:38] State: CLOSED | Failures: 0 | Requests: 315 | Success: 100.00% | Avg: 5.34ms
[2025-08-20 21:52:43] State: CLOSED | Failures: 0 | Requests: 316 | Success: 100.00% | Avg: 5.34ms
[2025-08-20 21:52:48] State: CLOSED | Failures: 0 | Requests: 316 | Success: 100.00% | Avg: 5.34ms
[2025-08-20 21:52:53] State: CLOSED | Failures: 0 | Requests: 316 | Success: 100.00% | Avg: 5.34ms
[2025-08-20 21:52:58] State: CLOSED | Failures: 0 | Requests: 317 | Success: 100.00% | Avg: 5.34ms
[2025-08-20 21:53:03] State: CLOSED | Failures: 0 | Requests: 317 | Success: 100.00% | Avg: 5.34ms
[2025-08-20 21:53:08] State: CLOSED | Failures: 0 | Requests: 317 | Success: 100.00% | Avg: 5.34ms
[2025-08-20 21:53:13] State: CLOSED | Failures: 0 | Requests: 318 | Success: 100.00% | Avg: 5.33ms
[2025-08-20 21:53:18] State: CLOSED | Failures: 0 | Requests: 318 | Success: 100.00% | Avg: 5.33ms
[2025-08-20 21:53:23] State: CLOSED | Failures: 0 | Requests: 318 | Success: 100.00% | Avg: 5.33ms
[2025-08-20 21:53:28] State: CLOSED | Failures: 0 | Requests: 319 | Success: 100.00% | Avg: 5.32ms
[2025-08-20 21:53:33] State: CLOSED | Failures: 0 | Requests: 319 | Success: 100.00% | Avg: 5.32ms
[2025-08-20 21:53:38] State: CLOSED | Failures: 0 | Requests: 319 | Success: 100.00% | Avg: 5.32ms
[2025-08-20 21:53:43] State: CLOSED | Failures: 0 | Requests: 320 | Success: 100.00% | Avg: 5.32ms
[2025-08-20 21:53:49] State: CLOSED | Failures: 0 | Requests: 320 | Success: 100.00% | Avg: 5.32ms
[2025-08-20 21:53:54] State: CLOSED | Failures: 0 | Requests: 320 | Success: 100.00% | Avg: 5.32ms
[2025-08-20 21:53:59] State: CLOSED | Failures: 0 | Requests: 321 | Success: 100.00% | Avg: 5.31ms
[2025-08-20 21:54:04] State: CLOSED | Failures: 0 | Requests: 321 | Success: 100.00% | Avg: 5.31ms
[2025-08-20 21:54:09] State: CLOSED | Failures: 0 | Requests: 321 | Success: 100.00% | Avg: 5.31ms
[2025-08-20 21:54:14] State: CLOSED | Failures: 0 | Requests: 322 | Success: 100.00% | Avg: 5.30ms
[2025-08-20 21:54:19] State: CLOSED | Failures: 0 | Requests: 322 | Success: 100.00% | Avg: 5.30ms
[2025-08-20 21:54:24] State: CLOSED | Failures: 0 | Requests: 322 | Success: 100.00% | Avg: 5.30ms
[2025-08-20 21:54:29] State: CLOSED | Failures: 0 | Requests: 323 | Success: 100.00% | Avg: 5.29ms
[2025-08-20 21:54:34] State: CLOSED | Failures: 0 | Requests: 323 | Success: 100.00% | Avg: 5.29ms
[2025-08-20 21:54:39] State: CLOSED | Failures: 0 | Requests: 323 | Success: 100.00% | Avg: 5.29ms
[2025-08-20 21:54:44] State: CLOSED | Failures: 0 | Requests: 324 | Success: 100.00% | Avg: 5.28ms
[2025-08-20 21:54:49] State: CLOSED | Failures: 0 | Requests: 324 | Success: 100.00% | Avg: 5.28ms
[2025-08-20 21:54:54] State: CLOSED | Failures: 0 | Requests: 324 | Success: 100.00% | Avg: 5.28ms
[2025-08-20 21:54:59] State: CLOSED | Failures: 0 | Requests: 325 | Success: 100.00% | Avg: 5.27ms
[2025-08-20 21:55:04] State: CLOSED | Failures: 0 | Requests: 325 | Success: 100.00% | Avg: 5.27ms
[2025-08-20 21:55:09] State: CLOSED | Failures: 0 | Requests: 325 | Success: 100.00% | Avg: 5.27ms
[2025-08-20 21:55:14] State: CLOSED | Failures: 0 | Requests: 326 | Success: 100.00% | Avg: 5.27ms
[2025-08-20 21:55:19] State: CLOSED | Failures: 0 | Requests: 326 | Success: 100.00% | Avg: 5.27ms
[2025-08-20 21:55:24] State: CLOSED | Failures: 0 | Requests: 326 | Success: 100.00% | Avg: 5.27ms
[2025-08-20 21:55:29] State: CLOSED | Failures: 0 | Requests: 327 | Success: 100.00% | Avg: 5.26ms
[2025-08-20 21:55:34] State: CLOSED | Failures: 0 | Requests: 327 | Success: 100.00% | Avg: 5.26ms
[2025-08-20 21:55:39] State: CLOSED | Failures: 0 | Requests: 327 | Success: 100.00% | Avg: 5.26ms
[2025-08-20 21:55:44] State: CLOSED | Failures: 0 | Requests: 328 | Success: 100.00% | Avg: 5.26ms
[2025-08-20 21:55:49] State: CLOSED | Failures: 0 | Requests: 328 | Success: 100.00% | Avg: 5.26ms
[2025-08-20 21:55:54] State: CLOSED | Failures: 0 | Requests: 328 | Success: 100.00% | Avg: 5.26ms
[2025-08-20 21:55:59] State: CLOSED | Failures: 0 | Requests: 329 | Success: 100.00% | Avg: 5.25ms
[2025-08-20 21:56:04] State: CLOSED | Failures: 0 | Requests: 329 | Success: 100.00% | Avg: 5.25ms
[2025-08-20 21:56:09] State: CLOSED | Failures: 0 | Requests: 329 | Success: 100.00% | Avg: 5.25ms
[2025-08-20 21:56:15] State: CLOSED | Failures: 0 | Requests: 330 | Success: 100.00% | Avg: 5.25ms
[2025-08-20 21:56:20] State: CLOSED | Failures: 0 | Requests: 330 | Success: 100.00% | Avg: 5.25ms
[2025-08-20 21:56:25] State: CLOSED | Failures: 0 | Requests: 330 | Success: 100.00% | Avg: 5.25ms
[2025-08-20 21:56:30] State: CLOSED | Failures: 0 | Requests: 331 | Success: 100.00% | Avg: 5.24ms
[2025-08-20 21:56:35] State: CLOSED | Failures: 0 | Requests: 331 | Success: 100.00% | Avg: 5.24ms
[2025-08-20 21:56:40] State: CLOSED | Failures: 0 | Requests: 331 | Success: 100.00% | Avg: 5.24ms
[2025-08-20 21:56:45] State: CLOSED | Failures: 0 | Requests: 332 | Success: 100.00% | Avg: 5.23ms
[2025-08-20 21:56:50] State: CLOSED | Failures: 0 | Requests: 332 | Success: 100.00% | Avg: 5.23ms
[2025-08-20 21:56:55] State: CLOSED | Failures: 0 | Requests: 332 | Success: 100.00% | Avg: 5.23ms
[2025-08-20 21:57:00] State: CLOSED | Failures: 0 | Requests: 333 | Success: 100.00% | Avg: 5.22ms
[2025-08-20 21:57:05] State: CLOSED | Failures: 0 | Requests: 333 | Success: 100.00% | Avg: 5.22ms
[2025-08-20 21:57:10] State: CLOSED | Failures: 0 | Requests: 333 | Success: 100.00% | Avg: 5.22ms
[2025-08-20 21:57:15] State: CLOSED | Failures: 0 | Requests: 334 | Success: 100.00% | Avg: 5.21ms
[2025-08-20 21:57:20] State: CLOSED | Failures: 0 | Requests: 334 | Success: 100.00% | Avg: 5.21ms
[2025-08-20 21:57:25] State: CLOSED | Failures: 0 | Requests: 335 | Success: 100.00% | Avg: 5.20ms
[2025-08-20 21:57:30] State: CLOSED | Failures: 0 | Requests: 335 | Success: 100.00% | Avg: 5.20ms
[2025-08-20 21:57:35] State: CLOSED | Failures: 0 | Requests: 335 | Success: 100.00% | Avg: 5.20ms
[2025-08-20 21:57:40] State: CLOSED | Failures: 0 | Requests: 336 | Success: 100.00% | Avg: 5.19ms
[2025-08-20 21:57:45] State: CLOSED | Failures: 0 | Requests: 336 | Success: 100.00% | Avg: 5.19ms
[2025-08-20 21:57:50] State: CLOSED | Failures: 0 | Requests: 336 | Success: 100.00% | Avg: 5.19ms
[2025-08-20 21:57:55] State: CLOSED | Failures: 0 | Requests: 337 | Success: 100.00% | Avg: 5.18ms
[2025-08-20 21:58:00] State: CLOSED | Failures: 0 | Requests: 337 | Success: 100.00% | Avg: 5.18ms
[2025-08-20 21:58:05] State: CLOSED | Failures: 0 | Requests: 337 | Success: 100.00% | Avg: 5.18ms
[2025-08-20 21:58:10] State: CLOSED | Failures: 0 | Requests: 338 | Success: 100.00% | Avg: 5.18ms
[2025-08-20 21:58:15] State: CLOSED | Failures: 0 | Requests: 338 | Success: 100.00% | Avg: 5.18ms
[2025-08-20 21:58:20] State: CLOSED | Failures: 0 | Requests: 338 | Success: 100.00% | Avg: 5.18ms
[2025-08-20 21:58:26] State: CLOSED | Failures: 0 | Requests: 339 | Success: 100.00% | Avg: 5.17ms
[2025-08-20 21:58:31] State: CLOSED | Failures: 0 | Requests: 339 | Success: 100.00% | Avg: 5.17ms
[2025-08-20 21:58:36] State: CLOSED | Failures: 0 | Requests: 339 | Success: 100.00% | Avg: 5.17ms
[2025-08-20 21:58:41] State: CLOSED | Failures: 0 | Requests: 340 | Success: 100.00% | Avg: 5.16ms
[2025-08-20 21:58:46] State: CLOSED | Failures: 0 | Requests: 340 | Success: 100.00% | Avg: 5.16ms
[2025-08-20 21:58:51] State: CLOSED | Failures: 0 | Requests: 340 | Success: 100.00% | Avg: 5.16ms
[2025-08-20 21:58:56] State: CLOSED | Failures: 0 | Requests: 341 | Success: 100.00% | Avg: 5.18ms
[2025-08-20 21:59:01] State: CLOSED | Failures: 0 | Requests: 341 | Success: 100.00% | Avg: 5.18ms
[2025-08-20 21:59:06] State: CLOSED | Failures: 0 | Requests: 341 | Success: 100.00% | Avg: 5.18ms
[2025-08-20 21:59:11] State: CLOSED | Failures: 0 | Requests: 342 | Success: 100.00% | Avg: 5.17ms
[2025-08-20 21:59:16] State: CLOSED | Failures: 0 | Requests: 342 | Success: 100.00% | Avg: 5.17ms
[2025-08-20 21:59:21] State: CLOSED | Failures: 0 | Requests: 342 | Success: 100.00% | Avg: 5.17ms
[2025-08-20 21:59:26] State: CLOSED | Failures: 0 | Requests: 343 | Success: 100.00% | Avg: 5.16ms
[2025-08-20 21:59:31] State: CLOSED | Failures: 0 | Requests: 343 | Success: 100.00% | Avg: 5.16ms
[2025-08-20 21:59:36] State: CLOSED | Failures: 0 | Requests: 343 | Success: 100.00% | Avg: 5.16ms
[2025-08-20 21:59:41] State: CLOSED | Failures: 0 | Requests: 344 | Success: 100.00% | Avg: 5.16ms
[2025-08-20 21:59:46] State: CLOSED | Failures: 0 | Requests: 344 | Success: 100.00% | Avg: 5.16ms
[2025-08-20 21:59:51] State: CLOSED | Failures: 0 | Requests: 344 | Success: 100.00% | Avg: 5.16ms
[2025-08-20 21:59:56] State: CLOSED | Failures: 0 | Requests: 345 | Success: 100.00% | Avg: 5.16ms
[2025-08-20 22:00:01] State: CLOSED | Failures: 0 | Requests: 345 | Success: 100.00% | Avg: 5.16ms
[2025-08-20 22:00:06] State: CLOSED | Failures: 0 | Requests: 345 | Success: 100.00% | Avg: 5.16ms
[2025-08-20 22:00:11] State: CLOSED | Failures: 0 | Requests: 346 | Success: 100.00% | Avg: 5.15ms
[2025-08-20 22:00:16] State: CLOSED | Failures: 0 | Requests: 346 | Success: 100.00% | Avg: 5.15ms
[2025-08-20 22:00:21] State: CLOSED | Failures: 0 | Requests: 346 | Success: 100.00% | Avg: 5.15ms
[2025-08-20 22:00:26] State: CLOSED | Failures: 0 | Requests: 347 | Success: 100.00% | Avg: 5.14ms
[2025-08-20 22:00:31] State: CLOSED | Failures: 0 | Requests: 347 | Success: 100.00% | Avg: 5.14ms
[2025-08-20 22:00:36] State: CLOSED | Failures: 0 | Requests: 347 | Success: 100.00% | Avg: 5.14ms
[2025-08-20 22:00:41] State: CLOSED | Failures: 0 | Requests: 348 | Success: 100.00% | Avg: 5.13ms
[2025-08-20 22:00:47] State: CLOSED | Failures: 0 | Requests: 348 | Success: 100.00% | Avg: 5.13ms
[2025-08-20 22:00:52] State: CLOSED | Failures: 0 | Requests: 348 | Success: 100.00% | Avg: 5.13ms
[2025-08-20 22:00:57] State: CLOSED | Failures: 0 | Requests: 349 | Success: 100.00% | Avg: 5.13ms
[2025-08-20 22:01:02] State: CLOSED | Failures: 0 | Requests: 349 | Success: 100.00% | Avg: 5.13ms
[2025-08-20 22:01:07] State: CLOSED | Failures: 0 | Requests: 349 | Success: 100.00% | Avg: 5.13ms
[2025-08-20 22:01:12] State: CLOSED | Failures: 0 | Requests: 350 | Success: 100.00% | Avg: 5.12ms
[2025-08-20 22:01:17] State: CLOSED | Failures: 0 | Requests: 350 | Success: 100.00% | Avg: 5.12ms
[2025-08-20 22:01:22] State: CLOSED | Failures: 0 | Requests: 350 | Success: 100.00% | Avg: 5.12ms
[2025-08-20 22:01:27] State: CLOSED | Failures: 0 | Requests: 351 | Success: 100.00% | Avg: 5.11ms
[2025-08-20 22:01:32] State: CLOSED | Failures: 0 | Requests: 351 | Success: 100.00% | Avg: 5.11ms
[2025-08-20 22:01:37] State: CLOSED | Failures: 0 | Requests: 351 | Success: 100.00% | Avg: 5.11ms
[2025-08-20 22:01:42] State: CLOSED | Failures: 0 | Requests: 352 | Success: 100.00% | Avg: 5.11ms
[2025-08-20 22:01:47] State: CLOSED | Failures: 0 | Requests: 352 | Success: 100.00% | Avg: 5.11ms
[2025-08-20 22:01:52] State: CLOSED | Failures: 0 | Requests: 352 | Success: 100.00% | Avg: 5.11ms
[2025-08-20 22:01:57] State: CLOSED | Failures: 0 | Requests: 353 | Success: 100.00% | Avg: 5.10ms
[2025-08-20 22:02:02] State: CLOSED | Failures: 0 | Requests: 353 | Success: 100.00% | Avg: 5.10ms
[2025-08-20 22:02:07] State: CLOSED | Failures: 0 | Requests: 353 | Success: 100.00% | Avg: 5.10ms
[2025-08-20 22:02:12] State: CLOSED | Failures: 0 | Requests: 354 | Success: 100.00% | Avg: 5.10ms
[2025-08-20 22:02:17] State: CLOSED | Failures: 0 | Requests: 354 | Success: 100.00% | Avg: 5.10ms
[2025-08-20 22:02:22] State: CLOSED | Failures: 0 | Requests: 354 | Success: 100.00% | Avg: 5.10ms
[2025-08-20 22:02:27] State: CLOSED | Failures: 0 | Requests: 355 | Success: 100.00% | Avg: 5.10ms
[2025-08-20 22:02:32] State: CLOSED | Failures: 0 | Requests: 355 | Success: 100.00% | Avg: 5.10ms
[2025-08-20 22:02:37] State: CLOSED | Failures: 0 | Requests: 355 | Success: 100.00% | Avg: 5.10ms
[2025-08-20 22:02:42] State: CLOSED | Failures: 0 | Requests: 356 | Success: 100.00% | Avg: 5.10ms
[2025-08-20 22:02:47] State: CLOSED | Failures: 0 | Requests: 356 | Success: 100.00% | Avg: 5.10ms
[2025-08-20 22:02:52] State: CLOSED | Failures: 0 | Requests: 356 | Success: 100.00% | Avg: 5.10ms
[2025-08-20 22:02:57] State: CLOSED | Failures: 0 | Requests: 357 | Success: 100.00% | Avg: 5.10ms
[2025-08-20 22:03:02] State: CLOSED | Failures: 0 | Requests: 357 | Success: 100.00% | Avg: 5.10ms
[2025-08-20 22:03:07] State: CLOSED | Failures: 0 | Requests: 357 | Success: 100.00% | Avg: 5.10ms
[2025-08-20 22:03:12] State: CLOSED | Failures: 0 | Requests: 358 | Success: 100.00% | Avg: 5.10ms
[2025-08-20 22:03:18] State: CLOSED | Failures: 0 | Requests: 358 | Success: 100.00% | Avg: 5.10ms
[2025-08-20 22:03:23] State: CLOSED | Failures: 0 | Requests: 358 | Success: 100.00% | Avg: 5.10ms
[2025-08-20 22:03:28] State: CLOSED | Failures: 0 | Requests: 359 | Success: 100.00% | Avg: 5.09ms
[2025-08-20 22:03:33] State: CLOSED | Failures: 0 | Requests: 359 | Success: 100.00% | Avg: 5.09ms
[2025-08-20 22:03:38] State: CLOSED | Failures: 0 | Requests: 359 | Success: 100.00% | Avg: 5.09ms
[2025-08-20 22:03:43] State: CLOSED | Failures: 0 | Requests: 360 | Success: 100.00% | Avg: 5.11ms
[2025-08-20 22:03:48] State: CLOSED | Failures: 0 | Requests: 360 | Success: 100.00% | Avg: 5.11ms
[2025-08-20 22:03:53] State: CLOSED | Failures: 0 | Requests: 360 | Success: 100.00% | Avg: 5.11ms
[2025-08-20 22:03:58] State: CLOSED | Failures: 0 | Requests: 361 | Success: 100.00% | Avg: 5.11ms
[2025-08-20 22:04:03] State: CLOSED | Failures: 0 | Requests: 361 | Success: 100.00% | Avg: 5.11ms
[2025-08-20 22:04:08] State: CLOSED | Failures: 0 | Requests: 361 | Success: 100.00% | Avg: 5.11ms
[2025-08-20 22:04:13] State: CLOSED | Failures: 0 | Requests: 362 | Success: 100.00% | Avg: 5.10ms
[2025-08-20 22:04:18] State: CLOSED | Failures: 0 | Requests: 362 | Success: 100.00% | Avg: 5.10ms
[2025-08-20 22:04:23] State: CLOSED | Failures: 0 | Requests: 362 | Success: 100.00% | Avg: 5.10ms
[2025-08-20 22:04:28] State: CLOSED | Failures: 0 | Requests: 363 | Success: 100.00% | Avg: 5.09ms
[2025-08-20 22:04:33] State: CLOSED | Failures: 0 | Requests: 363 | Success: 100.00% | Avg: 5.09ms
[2025-08-20 22:04:38] State: CLOSED | Failures: 0 | Requests: 363 | Success: 100.00% | Avg: 5.09ms
[2025-08-20 22:04:43] State: CLOSED | Failures: 0 | Requests: 364 | Success: 100.00% | Avg: 5.09ms
[2025-08-20 22:04:48] State: CLOSED | Failures: 0 | Requests: 364 | Success: 100.00% | Avg: 5.09ms
[2025-08-20 22:04:53] State: CLOSED | Failures: 0 | Requests: 364 | Success: 100.00% | Avg: 5.09ms
[2025-08-20 22:04:58] State: CLOSED | Failures: 0 | Requests: 365 | Success: 100.00% | Avg: 5.08ms
[2025-08-20 22:05:03] State: CLOSED | Failures: 0 | Requests: 365 | Success: 100.00% | Avg: 5.08ms
[2025-08-20 22:05:08] State: CLOSED | Failures: 0 | Requests: 365 | Success: 100.00% | Avg: 5.08ms
[2025-08-20 22:05:13] State: CLOSED | Failures: 0 | Requests: 366 | Success: 100.00% | Avg: 5.08ms
[2025-08-20 22:05:18] State: CLOSED | Failures: 0 | Requests: 366 | Success: 100.00% | Avg: 5.08ms
[2025-08-20 22:05:23] State: CLOSED | Failures: 0 | Requests: 366 | Success: 100.00% | Avg: 5.08ms
[2025-08-20 22:05:28] State: CLOSED | Failures: 0 | Requests: 367 | Success: 100.00% | Avg: 5.07ms
[2025-08-20 22:05:33] State: CLOSED | Failures: 0 | Requests: 367 | Success: 100.00% | Avg: 5.07ms
[2025-08-20 22:05:38] State: CLOSED | Failures: 0 | Requests: 367 | Success: 100.00% | Avg: 5.07ms
[2025-08-20 22:05:43] State: CLOSED | Failures: 0 | Requests: 368 | Success: 100.00% | Avg: 5.08ms
[2025-08-20 22:05:48] State: CLOSED | Failures: 0 | Requests: 368 | Success: 100.00% | Avg: 5.08ms
[2025-08-20 22:05:54] State: CLOSED | Failures: 0 | Requests: 368 | Success: 100.00% | Avg: 5.08ms
[2025-08-20 22:05:59] State: CLOSED | Failures: 0 | Requests: 369 | Success: 100.00% | Avg: 5.07ms
[2025-08-20 22:06:04] State: CLOSED | Failures: 0 | Requests: 369 | Success: 100.00% | Avg: 5.07ms
[2025-08-20 22:06:09] State: CLOSED | Failures: 0 | Requests: 369 | Success: 100.00% | Avg: 5.07ms
[2025-08-20 22:06:14] State: CLOSED | Failures: 0 | Requests: 370 | Success: 100.00% | Avg: 5.07ms
[2025-08-20 22:06:19] State: CLOSED | Failures: 0 | Requests: 370 | Success: 100.00% | Avg: 5.07ms
[2025-08-20 22:06:24] State: CLOSED | Failures: 0 | Requests: 370 | Success: 100.00% | Avg: 5.07ms
[2025-08-20 22:06:29] State: CLOSED | Failures: 0 | Requests: 371 | Success: 100.00% | Avg: 5.06ms
[2025-08-20 22:06:34] State: CLOSED | Failures: 0 | Requests: 371 | Success: 100.00% | Avg: 5.06ms
[2025-08-20 22:06:39] State: CLOSED | Failures: 0 | Requests: 371 | Success: 100.00% | Avg: 5.06ms
[2025-08-20 22:06:44] State: CLOSED | Failures: 0 | Requests: 372 | Success: 100.00% | Avg: 5.05ms
[2025-08-20 22:06:49] State: CLOSED | Failures: 0 | Requests: 372 | Success: 100.00% | Avg: 5.05ms
[2025-08-20 22:06:54] State: CLOSED | Failures: 0 | Requests: 372 | Success: 100.00% | Avg: 5.05ms
[2025-08-20 22:06:59] State: CLOSED | Failures: 0 | Requests: 373 | Success: 100.00% | Avg: 5.05ms
[2025-08-20 22:07:04] State: CLOSED | Failures: 0 | Requests: 373 | Success: 100.00% | Avg: 5.05ms
[2025-08-20 22:07:09] State: CLOSED | Failures: 0 | Requests: 373 | Success: 100.00% | Avg: 5.05ms
[2025-08-20 22:07:14] State: CLOSED | Failures: 0 | Requests: 374 | Success: 100.00% | Avg: 5.04ms
[2025-08-20 22:07:19] State: CLOSED | Failures: 0 | Requests: 374 | Success: 100.00% | Avg: 5.04ms
[2025-08-20 22:07:24] State: CLOSED | Failures: 0 | Requests: 374 | Success: 100.00% | Avg: 5.04ms
[2025-08-20 22:07:29] State: CLOSED | Failures: 0 | Requests: 375 | Success: 100.00% | Avg: 5.10ms
[2025-08-20 22:07:34] State: CLOSED | Failures: 0 | Requests: 375 | Success: 100.00% | Avg: 5.10ms
[2025-08-20 22:07:39] State: CLOSED | Failures: 0 | Requests: 375 | Success: 100.00% | Avg: 5.10ms
[2025-08-20 22:07:44] State: CLOSED | Failures: 0 | Requests: 376 | Success: 100.00% | Avg: 5.10ms
[2025-08-20 22:07:49] State: CLOSED | Failures: 0 | Requests: 376 | Success: 100.00% | Avg: 5.10ms
[2025-08-20 22:07:54] State: CLOSED | Failures: 0 | Requests: 376 | Success: 100.00% | Avg: 5.10ms
[2025-08-20 22:07:59] State: CLOSED | Failures: 0 | Requests: 377 | Success: 100.00% | Avg: 5.10ms
[2025-08-20 22:08:04] State: CLOSED | Failures: 0 | Requests: 377 | Success: 100.00% | Avg: 5.10ms
[2025-08-20 22:08:09] State: CLOSED | Failures: 0 | Requests: 377 | Success: 100.00% | Avg: 5.10ms
[2025-08-20 22:08:15] State: CLOSED | Failures: 0 | Requests: 378 | Success: 100.00% | Avg: 5.09ms
[2025-08-20 22:08:20] State: CLOSED | Failures: 0 | Requests: 378 | Success: 100.00% | Avg: 5.09ms
[2025-08-20 22:08:25] State: CLOSED | Failures: 0 | Requests: 378 | Success: 100.00% | Avg: 5.09ms
[2025-08-20 22:08:30] State: CLOSED | Failures: 0 | Requests: 379 | Success: 100.00% | Avg: 5.09ms
[2025-08-20 22:08:35] State: CLOSED | Failures: 0 | Requests: 379 | Success: 100.00% | Avg: 5.09ms
[2025-08-20 22:08:40] State: CLOSED | Failures: 0 | Requests: 379 | Success: 100.00% | Avg: 5.09ms
[2025-08-20 22:08:45] State: CLOSED | Failures: 0 | Requests: 380 | Success: 100.00% | Avg: 5.09ms
[2025-08-20 22:08:50] State: CLOSED | Failures: 0 | Requests: 380 | Success: 100.00% | Avg: 5.09ms
[2025-08-20 22:08:55] State: CLOSED | Failures: 0 | Requests: 380 | Success: 100.00% | Avg: 5.09ms
[2025-08-20 22:09:00] State: CLOSED | Failures: 0 | Requests: 381 | Success: 100.00% | Avg: 5.09ms
[2025-08-20 22:09:05] State: CLOSED | Failures: 0 | Requests: 381 | Success: 100.00% | Avg: 5.09ms
[2025-08-20 22:09:10] State: CLOSED | Failures: 0 | Requests: 381 | Success: 100.00% | Avg: 5.09ms
[2025-08-20 22:09:15] State: CLOSED | Failures: 0 | Requests: 382 | Success: 100.00% | Avg: 5.10ms
[2025-08-20 22:09:20] State: CLOSED | Failures: 0 | Requests: 382 | Success: 100.00% | Avg: 5.10ms
[2025-08-20 22:09:25] State: CLOSED | Failures: 0 | Requests: 383 | Success: 100.00% | Avg: 5.09ms
[2025-08-20 22:09:30] State: CLOSED | Failures: 0 | Requests: 383 | Success: 100.00% | Avg: 5.09ms
[2025-08-20 22:09:35] State: CLOSED | Failures: 0 | Requests: 383 | Success: 100.00% | Avg: 5.09ms
[2025-08-20 22:09:40] State: CLOSED | Failures: 0 | Requests: 384 | Success: 100.00% | Avg: 5.09ms
[2025-08-20 22:09:45] State: CLOSED | Failures: 0 | Requests: 384 | Success: 100.00% | Avg: 5.09ms
[2025-08-20 22:09:50] State: CLOSED | Failures: 0 | Requests: 384 | Success: 100.00% | Avg: 5.09ms
[2025-08-20 22:09:55] State: CLOSED | Failures: 0 | Requests: 385 | Success: 100.00% | Avg: 5.11ms
[2025-08-20 22:10:00] State: CLOSED | Failures: 0 | Requests: 385 | Success: 100.00% | Avg: 5.11ms
[2025-08-20 22:10:06] State: CLOSED | Failures: 0 | Requests: 385 | Success: 100.00% | Avg: 5.11ms
[2025-08-20 22:10:11] State: CLOSED | Failures: 0 | Requests: 386 | Success: 100.00% | Avg: 5.10ms
[2025-08-20 22:10:16] State: CLOSED | Failures: 0 | Requests: 386 | Success: 100.00% | Avg: 5.10ms
[2025-08-20 22:10:21] State: CLOSED | Failures: 0 | Requests: 386 | Success: 100.00% | Avg: 5.10ms
[2025-08-20 22:10:26] State: CLOSED | Failures: 0 | Requests: 387 | Success: 100.00% | Avg: 5.10ms
[2025-08-20 22:10:31] State: CLOSED | Failures: 0 | Requests: 387 | Success: 100.00% | Avg: 5.10ms
[2025-08-20 22:10:36] State: CLOSED | Failures: 0 | Requests: 387 | Success: 100.00% | Avg: 5.10ms
[2025-08-20 22:10:41] State: CLOSED | Failures: 0 | Requests: 388 | Success: 100.00% | Avg: 5.09ms
[2025-08-20 22:10:46] State: CLOSED | Failures: 0 | Requests: 388 | Success: 100.00% | Avg: 5.09ms
[2025-08-20 22:10:51] State: CLOSED | Failures: 0 | Requests: 388 | Success: 100.00% | Avg: 5.09ms
[2025-08-20 22:10:56] State: CLOSED | Failures: 0 | Requests: 389 | Success: 100.00% | Avg: 5.09ms
[2025-08-20 22:11:01] State: CLOSED | Failures: 0 | Requests: 389 | Success: 100.00% | Avg: 5.09ms
[2025-08-20 22:11:06] State: CLOSED | Failures: 0 | Requests: 389 | Success: 100.00% | Avg: 5.09ms
[2025-08-20 22:11:11] State: CLOSED | Failures: 0 | Requests: 390 | Success: 100.00% | Avg: 5.08ms
[2025-08-20 22:11:16] State: CLOSED | Failures: 0 | Requests: 390 | Success: 100.00% | Avg: 5.08ms
[2025-08-20 22:11:21] State: CLOSED | Failures: 0 | Requests: 390 | Success: 100.00% | Avg: 5.08ms
