23
28
29
28
21
29
30
28
28
28
25
27
33
27
21
30
28
30
23
29
29
29
28
27
36
27
26
30
29
28
29
27
22
29
27
27
24
25
28
23
25
29
33
31
28
28
26
20
28
29
24
30
28
28
27
28
31
28
23
28
26
30
31
30
27
30
29
31
33
31
25
28
20
23
22
30
30
29
29
29
28
22
22
29
27
32
32
24
20
27
23
21
22
21
21
21
22
22
30
28
23
22
29
21
27
28
23
24
32
21
26
31
27
28
28
23
25
27
25
28
25
26
25
23
23
24
25
27
26
23
23
24
26
27
25
23
26
24
23
27
24
26
24
29
29
26
27
27
25
46
26
29
25
24
25
24
28
25
25
26
22
23
26
24
22
24
27
24
23
23
27
30
28
30
24
33
28
29
32
28
30
30
33
30
31
30
32
32
30
27
27
30
29
28
38
32
36
24
30
28
25
29
26
34
31
30
30
25
33
30
28
31
29
25
27
27
30
31
32
27
26
24
23
26
28
22
22
22
22
22
22
21
21
23
22
22
22
21
20
23
24
22
24
22
23
22
20
21
21
21
24
22
21
21
20
23
21
20
21
21
22
21
21
21
22
23
21
21
21
21
22
21
22
22
21
21
21
20
21
20
23
20
21
23
21
21
22
20
21
21
21
21
22
21
21
21
22
20
21
21
22
21
21
21
22
21
20
20
21
22
22
21
20
21
21
21
21
20
21
21
21
22
22
20
21
20
21
22
20
22
25
21
22
21
21
20
22
22
21
21
23
23
21
20
21
22
21
21
21
21
22
20
21
23
20
20
21
21
21
22
21
21
22
21
22
21
21
21
22
22
23
21
21
21
21
22
21
22
24
21
21
22
20
21
21
22
23
23
22
20
22
25
28
31
29
23
30
30
32
26
25
28
30
30
24
27
25
23
23
25
30
28
27
22
25
25
23
29
27
25
27
27
29
31
31
27
28
31
31
27
33
21
28
28
32
27
29
30
22
33
30
33
29
21
27
31
31
30
32
30
25
29
29
27
30
30
28
31
27
30
24
27
29
29
30
27
29
28
25
26
29
25
28
27
28
29
31
30
24
24
26
28
21
32
28
29
27
22
29
25
25
23
25
26
23
22
27
29
27
30
28
32
28
27
29
29
25
24
94
39
27
29
27
31
26
26
25
23
24
27
28
31
31
31
29
27
20
32
29
31
26
33
30
31
26
22
29
32
29
34
29
31
30
26
30
28
37
33
32
32
37
37
26
54
36
40
30
29
35
26
25
26
28
30
23
35
25
30
28
30
25
28
28
32
30
27
27
30
28
26
32
27
29
28
31
24
27
29
26
22
23
21
25
21
26
22
25
28
22
23
22
21
24
25
30
27
26
26
22
23
24
25
21
23
23
27
25
24
25
23
30
28
39
36
38
33
24
40
34
42
64
28
30
28
29
30
32
29
30
24
24
28
29
21
29
24
23
26
26
30
27
28
24
20
26
27
31
27
23
26
26
21
23
27
30
24
30
28
25
84
37
31
24
26
24
33
23
30
28
28
27
22
29
35
27
31
28
27
25
38
27
29
27
30
27
28
27
28
27
23
32
37
40
41
43
30
35
22
28
25
31
32
30
30
30
28
28
27
33
31
52
38
28
32
27
36
48
31
35
32
26
27
32
30
26
25
38
32
23
28
37
26
36
39
28
26
27
28
30
32
30
31
27
147
33
29
27
37
34
34
30
29
28
27
27
27
28
27
28
28
32
270
49
51
32
90
46
30
29
57
40
27
27
27
26
29
27
27
41
26
92
47
33
58
29
26
71
90
37
199
31
30
32
29
26
27
27
27
25
25
102
48
32
46
45
54
338
44
30
32
29
30
29
31
29
112
46
83
30
28
47
168
30
34
44
159
78
39
33
51
62
30
36
27
28
30
27
29
33
42
81
29
70
39
44
116
46
72
43
33
34
27
25
25
25
30
29
167
30
90
30
24
26
26
26
26
24
25
25
26
35
28
30
26
23
24
27
29
26
26
29
25
28
27
25
24
26
26
24
25
31
26
25
26
26
25
24
25
25
24
27
25
26
27
26
25
26
26
26
25
27
25
24
24
24
26
26
25
30
25
28
24
25
25
25
26
25
26
26
25
27
27
25
26
26
25
24
25
23
25
27
25
26
25
25
24
26
24
25
25
26
26
26
26
23
25
26
25
25
25
31
26
27
26
27
24
46
25
27
29
28
27
62
134
33
27
28
32
32
30
26
26
28
26
29
31
28
26
26
28
26
26
25
27
24
27
27
26
25
26
37
35
24
28
25
35
26
28
25
27
27
24
26
24
28
23
25
24
26
24
27
31
29
27
27
28
29
23
27
27
30
26
28
26
25
27
25
31
24
28
26
25
26
29
28
30
25
30
29
29
27
26
32
31
30
28
28
30
27
26
35
27
31
95
25
31
31
29
32
29
23
29
31
23
29
27
25
25
31
25
27
46
29
29
25
36
29
38
39
40
27
27
27
29
23
29
29
29
30
29
29
28
29
31
27
28
20
26
32
31
34
31
32
24
32
32
29
31
30
29
28
25
25
26
28
29
27
27
28
25
24
25
23
26
24
29
28
26
24
26
28
29
30
27
27
34
30
33
30
23
30
30
29
30
30
32
28
31
25
27
29
32
31
24
29
29
30
27
29
27
32
32
29
32
30
31
24
31
28
29
27
33
32
28
29
25
23
35
32
32
29
28
29
27
26
28
29
30
28
27
27
27
25
27
51
24
28
26
31
26
27
28
27
30
22
23
21
26
29
31
28
30
25
24
27
25
27
23
23
22
26
26
28
27
28
30
25
28
28
30
30
33
28
30
34
26
33
29
27
28
37
36
38
37
29
33
30
34
