✅ URL normalizer loaded successfully
🚀 Simple web server running on http://localhost:9001
📝 URL normalization endpoint: POST /api/normalize-url
🔗 UI available at: http://localhost:9001
📝 [INFO] JSON-only submission received [6cdae656d07f9326] {
  "contentType": "application/json",
  "userAgent": "curl/8.7.1",
  "endpoint": "/api/vdp/extract-vertex"
}
🔍 [VALIDATION] Field validation results [6cdae656d07f9326] {
  "validationResult": {
    "hasContentKey": false,
    "hasContentId": true,
    "hasPlatform": true,
    "hasSourceUrl": true
  },
  "extractedFields": {
    "platform": "youtube",
    "content_id": "cFyBJaoNyGY",
    "source_url": "https://www.youtube.com/watch?v=cFyBJaoNyGY...",
    "canonical_url": "https://www.youtube.com/watch?v=cFyBJaoNyGY...",
    "video_origin": "unknown",
    "language": "ko"
  }
}
✅ [SUCCESS] Content key generated successfully [6cdae656d07f9326] {
  "contentKey": "youtube:cFyBJaoNyGY",
  "platform": "youtube",
  "contentId": "cFyBJaoNyGY",
  "enforcement": "ENABLED",
  "globalUniqueness": true
}
📝 [INFO] Platform-specific paths generated [6cdae656d07f9326] {
  "requestPath": "gs://tough-variety-raw/ingest/requests/youtube/",
  "outputPath": "gs://tough-variety-raw/raw/vdp/youtube/cFyBJaoNyGY.NEW.universal.json",
  "platform": "youtube",
  "pathStructure": "PLATFORM_SEGMENTED",
  "compliance": "GCS_PATH_STANDARD"
}
✅ [SUCCESS] Ingest request stored successfully [6cdae656d07f9326] {
  "gcsUri": "gs://tough-variety-raw/ingest/requests/youtube/cFyBJaoNyGY_1755441052381.json",
  "contentKey": "youtube:cFyBJaoNyGY",
  "platform": "youtube",
  "contentId": "cFyBJaoNyGY",
  "fileName": "ingest/requests/youtube/cFyBJaoNyGY_1755441052381.json",
  "pathStructure": "PLATFORM_SEGMENTED",
  "jsonOnlyProcessing": true
}
⚡ [PERFORMANCE] Request processing completed [6cdae656d07f9326] {
  "processingTimeMs": 1312,
  "endpoint": "/api/vdp/extract-vertex",
  "contentKey": "youtube:cFyBJaoNyGY",
  "status": "SUCCESS"
}
